ERROR - 2024-11-29 07:51:54 --> Table 'vip_net.penjualan_barang' doesn't exist
CRITICAL - 2024-11-29 07:51:54 --> Table 'vip_net.penjualan_barang' doesn't exist
#0 C:\Users\E-RM7\Documents\GitHub\Arus-Kas-Toko\system\Database\MySQLi\Connection.php(292): mysqli->query('SELECT SUM(`tot...', 0)
#1 C:\Users\E-RM7\Documents\GitHub\Arus-Kas-Toko\system\Database\BaseConnection.php(670): CodeIgniter\Database\MySQLi\Connection->execute('SELECT SUM(`tot...')
#2 C:\Users\E-RM7\Documents\GitHub\Arus-Kas-Toko\system\Database\BaseConnection.php(598): CodeIgniter\Database\BaseConnection->simpleQuery('SELECT SUM(`tot...')
#3 C:\Users\E-RM7\Documents\GitHub\Arus-Kas-Toko\system\Database\BaseBuilder.php(1455): CodeIgniter\Database\BaseConnection->query('SELECT SUM(`tot...', Array, false)
#4 C:\Users\E-RM7\Documents\GitHub\Arus-Kas-Toko\system\Model.php(210): CodeIgniter\Database\BaseBuilder->get()
#5 C:\Users\E-RM7\Documents\GitHub\Arus-Kas-Toko\system\BaseModel.php(622): CodeIgniter\Model->doFirst()
#6 C:\Users\E-RM7\Documents\GitHub\Arus-Kas-Toko\app\Controllers\Admin.php(2292): CodeIgniter\BaseModel->first()
#7 C:\Users\E-RM7\Documents\GitHub\Arus-Kas-Toko\system\CodeIgniter.php(832): App\Controllers\Admin->cetakLabaRugi()
#8 C:\Users\E-RM7\Documents\GitHub\Arus-Kas-Toko\system\CodeIgniter.php(419): CodeIgniter\CodeIgniter->runController(Object(App\Controllers\Admin))
#9 C:\Users\E-RM7\Documents\GitHub\Arus-Kas-Toko\system\CodeIgniter.php(326): CodeIgniter\CodeIgniter->handleRequest(NULL, Object(Config\Cache), false)
#10 C:\Users\E-RM7\Documents\GitHub\Arus-Kas-Toko\public\index.php(37): CodeIgniter\CodeIgniter->run()
#11 C:\Users\E-RM7\Documents\GitHub\Arus-Kas-Toko\system\Commands\Server\rewrite.php(43): require_once('C:\\Users\\E-RM7\\...')
#12 {main}
ERROR - 2024-11-29 08:05:08 --> You have an error in your SQL syntax; check the manual that corresponds to your MySQL server version for the right syntax to use near '= '%Pembayaran Wifi%'
 LIMIT 1' at line 6
CRITICAL - 2024-11-29 08:05:08 --> You have an error in your SQL syntax; check the manual that corresponds to your MySQL server version for the right syntax to use near '= '%Pembayaran Wifi%'
 LIMIT 1' at line 6
#0 C:\Users\E-RM7\Documents\GitHub\Arus-Kas-Toko\system\Database\MySQLi\Connection.php(292): mysqli->query('SELECT SUM(juml...', 0)
#1 C:\Users\E-RM7\Documents\GitHub\Arus-Kas-Toko\system\Database\BaseConnection.php(670): CodeIgniter\Database\MySQLi\Connection->execute('SELECT SUM(juml...')
#2 C:\Users\E-RM7\Documents\GitHub\Arus-Kas-Toko\system\Database\BaseConnection.php(598): CodeIgniter\Database\BaseConnection->simpleQuery('SELECT SUM(juml...')
#3 C:\Users\E-RM7\Documents\GitHub\Arus-Kas-Toko\system\Database\BaseBuilder.php(1455): CodeIgniter\Database\BaseConnection->query('SELECT SUM(juml...', Array, false)
#4 C:\Users\E-RM7\Documents\GitHub\Arus-Kas-Toko\system\Model.php(210): CodeIgniter\Database\BaseBuilder->get()
#5 C:\Users\E-RM7\Documents\GitHub\Arus-Kas-Toko\system\BaseModel.php(622): CodeIgniter\Model->doFirst()
#6 C:\Users\E-RM7\Documents\GitHub\Arus-Kas-Toko\app\Controllers\Admin.php(2306): CodeIgniter\BaseModel->first()
#7 C:\Users\E-RM7\Documents\GitHub\Arus-Kas-Toko\system\CodeIgniter.php(832): App\Controllers\Admin->cetakLabaRugi()
#8 C:\Users\E-RM7\Documents\GitHub\Arus-Kas-Toko\system\CodeIgniter.php(419): CodeIgniter\CodeIgniter->runController(Object(App\Controllers\Admin))
#9 C:\Users\E-RM7\Documents\GitHub\Arus-Kas-Toko\system\CodeIgniter.php(326): CodeIgniter\CodeIgniter->handleRequest(NULL, Object(Config\Cache), false)
#10 C:\Users\E-RM7\Documents\GitHub\Arus-Kas-Toko\public\index.php(37): CodeIgniter\CodeIgniter->run()
#11 C:\Users\E-RM7\Documents\GitHub\Arus-Kas-Toko\system\Commands\Server\rewrite.php(43): require_once('C:\\Users\\E-RM7\\...')
#12 {main}
ERROR - 2024-11-29 08:11:42 --> You have an error in your SQL syntax; check the manual that corresponds to your MySQL server version for the right syntax to use near '= '%Pembayaran Wifi%'
 LIMIT 1' at line 6
CRITICAL - 2024-11-29 08:11:42 --> You have an error in your SQL syntax; check the manual that corresponds to your MySQL server version for the right syntax to use near '= '%Pembayaran Wifi%'
 LIMIT 1' at line 6
#0 C:\Users\E-RM7\Documents\GitHub\Arus-Kas-Toko\system\Database\MySQLi\Connection.php(292): mysqli->query('SELECT SUM(juml...', 0)
#1 C:\Users\E-RM7\Documents\GitHub\Arus-Kas-Toko\system\Database\BaseConnection.php(670): CodeIgniter\Database\MySQLi\Connection->execute('SELECT SUM(juml...')
#2 C:\Users\E-RM7\Documents\GitHub\Arus-Kas-Toko\system\Database\BaseConnection.php(598): CodeIgniter\Database\BaseConnection->simpleQuery('SELECT SUM(juml...')
#3 C:\Users\E-RM7\Documents\GitHub\Arus-Kas-Toko\system\Database\BaseBuilder.php(1455): CodeIgniter\Database\BaseConnection->query('SELECT SUM(juml...', Array, false)
#4 C:\Users\E-RM7\Documents\GitHub\Arus-Kas-Toko\system\Model.php(210): CodeIgniter\Database\BaseBuilder->get()
#5 C:\Users\E-RM7\Documents\GitHub\Arus-Kas-Toko\system\BaseModel.php(622): CodeIgniter\Model->doFirst()
#6 C:\Users\E-RM7\Documents\GitHub\Arus-Kas-Toko\app\Controllers\Admin.php(2306): CodeIgniter\BaseModel->first()
#7 C:\Users\E-RM7\Documents\GitHub\Arus-Kas-Toko\system\CodeIgniter.php(832): App\Controllers\Admin->cetakLabaRugi()
#8 C:\Users\E-RM7\Documents\GitHub\Arus-Kas-Toko\system\CodeIgniter.php(419): CodeIgniter\CodeIgniter->runController(Object(App\Controllers\Admin))
#9 C:\Users\E-RM7\Documents\GitHub\Arus-Kas-Toko\system\CodeIgniter.php(326): CodeIgniter\CodeIgniter->handleRequest(NULL, Object(Config\Cache), false)
#10 C:\Users\E-RM7\Documents\GitHub\Arus-Kas-Toko\public\index.php(37): CodeIgniter\CodeIgniter->run()
#11 C:\Users\E-RM7\Documents\GitHub\Arus-Kas-Toko\system\Commands\Server\rewrite.php(43): require_once('C:\\Users\\E-RM7\\...')
#12 {main}
ERROR - 2024-11-29 08:12:09 --> You have an error in your SQL syntax; check the manual that corresponds to your MySQL server version for the right syntax to use near '= '%Pembayaran Wifi%'
 LIMIT 1' at line 6
CRITICAL - 2024-11-29 08:12:09 --> You have an error in your SQL syntax; check the manual that corresponds to your MySQL server version for the right syntax to use near '= '%Pembayaran Wifi%'
 LIMIT 1' at line 6
#0 C:\Users\E-RM7\Documents\GitHub\Arus-Kas-Toko\system\Database\MySQLi\Connection.php(292): mysqli->query('SELECT SUM(juml...', 0)
#1 C:\Users\E-RM7\Documents\GitHub\Arus-Kas-Toko\system\Database\BaseConnection.php(670): CodeIgniter\Database\MySQLi\Connection->execute('SELECT SUM(juml...')
#2 C:\Users\E-RM7\Documents\GitHub\Arus-Kas-Toko\system\Database\BaseConnection.php(598): CodeIgniter\Database\BaseConnection->simpleQuery('SELECT SUM(juml...')
#3 C:\Users\E-RM7\Documents\GitHub\Arus-Kas-Toko\system\Database\BaseBuilder.php(1455): CodeIgniter\Database\BaseConnection->query('SELECT SUM(juml...', Array, false)
#4 C:\Users\E-RM7\Documents\GitHub\Arus-Kas-Toko\system\Model.php(210): CodeIgniter\Database\BaseBuilder->get()
#5 C:\Users\E-RM7\Documents\GitHub\Arus-Kas-Toko\system\BaseModel.php(622): CodeIgniter\Model->doFirst()
#6 C:\Users\E-RM7\Documents\GitHub\Arus-Kas-Toko\app\Controllers\Admin.php(2306): CodeIgniter\BaseModel->first()
#7 C:\Users\E-RM7\Documents\GitHub\Arus-Kas-Toko\system\CodeIgniter.php(832): App\Controllers\Admin->cetakLabaRugi()
#8 C:\Users\E-RM7\Documents\GitHub\Arus-Kas-Toko\system\CodeIgniter.php(419): CodeIgniter\CodeIgniter->runController(Object(App\Controllers\Admin))
#9 C:\Users\E-RM7\Documents\GitHub\Arus-Kas-Toko\system\CodeIgniter.php(326): CodeIgniter\CodeIgniter->handleRequest(NULL, Object(Config\Cache), false)
#10 C:\Users\E-RM7\Documents\GitHub\Arus-Kas-Toko\public\index.php(37): CodeIgniter\CodeIgniter->run()
#11 C:\Users\E-RM7\Documents\GitHub\Arus-Kas-Toko\system\Commands\Server\rewrite.php(43): require_once('C:\\Users\\E-RM7\\...')
#12 {main}
CRITICAL - 2024-11-29 08:13:07 --> Undefined variable $data
#0 C:\Users\E-RM7\Documents\GitHub\Arus-Kas-Toko\app\Views\Admin\Laporan\Lap_labaRugi.php(123): CodeIgniter\Debug\Exceptions->errorHandler(2, 'Undefined varia...', 'C:\\Users\\E-RM7\\...', 123)
#1 C:\Users\E-RM7\Documents\GitHub\Arus-Kas-Toko\system\View\View.php(210): include('C:\\Users\\E-RM7\\...')
#2 C:\Users\E-RM7\Documents\GitHub\Arus-Kas-Toko\system\View\View.php(213): CodeIgniter\View\View->CodeIgniter\View\{closure}()
#3 C:\Users\E-RM7\Documents\GitHub\Arus-Kas-Toko\system\Common.php(1089): CodeIgniter\View\View->render('Admin/Laporan/L...', Array, true)
#4 C:\Users\E-RM7\Documents\GitHub\Arus-Kas-Toko\app\Controllers\Admin.php(2378): view('Admin/Laporan/L...', Array)
#5 C:\Users\E-RM7\Documents\GitHub\Arus-Kas-Toko\system\CodeIgniter.php(832): App\Controllers\Admin->cetakLabaRugi()
#6 C:\Users\E-RM7\Documents\GitHub\Arus-Kas-Toko\system\CodeIgniter.php(419): CodeIgniter\CodeIgniter->runController(Object(App\Controllers\Admin))
#7 C:\Users\E-RM7\Documents\GitHub\Arus-Kas-Toko\system\CodeIgniter.php(326): CodeIgniter\CodeIgniter->handleRequest(NULL, Object(Config\Cache), false)
#8 C:\Users\E-RM7\Documents\GitHub\Arus-Kas-Toko\public\index.php(37): CodeIgniter\CodeIgniter->run()
#9 C:\Users\E-RM7\Documents\GitHub\Arus-Kas-Toko\system\Commands\Server\rewrite.php(43): require_once('C:\\Users\\E-RM7\\...')
#10 {main}
CRITICAL - 2024-11-29 08:13:28 --> Undefined variable $data
#0 C:\Users\E-RM7\Documents\GitHub\Arus-Kas-Toko\app\Views\Admin\Laporan\Lap_labaRugi.php(123): CodeIgniter\Debug\Exceptions->errorHandler(2, 'Undefined varia...', 'C:\\Users\\E-RM7\\...', 123)
#1 C:\Users\E-RM7\Documents\GitHub\Arus-Kas-Toko\system\View\View.php(210): include('C:\\Users\\E-RM7\\...')
#2 C:\Users\E-RM7\Documents\GitHub\Arus-Kas-Toko\system\View\View.php(213): CodeIgniter\View\View->CodeIgniter\View\{closure}()
#3 C:\Users\E-RM7\Documents\GitHub\Arus-Kas-Toko\system\Common.php(1089): CodeIgniter\View\View->render('Admin/Laporan/L...', Array, true)
#4 C:\Users\E-RM7\Documents\GitHub\Arus-Kas-Toko\app\Controllers\Admin.php(2378): view('Admin/Laporan/L...', Array)
#5 C:\Users\E-RM7\Documents\GitHub\Arus-Kas-Toko\system\CodeIgniter.php(832): App\Controllers\Admin->cetakLabaRugi()
#6 C:\Users\E-RM7\Documents\GitHub\Arus-Kas-Toko\system\CodeIgniter.php(419): CodeIgniter\CodeIgniter->runController(Object(App\Controllers\Admin))
#7 C:\Users\E-RM7\Documents\GitHub\Arus-Kas-Toko\system\CodeIgniter.php(326): CodeIgniter\CodeIgniter->handleRequest(NULL, Object(Config\Cache), false)
#8 C:\Users\E-RM7\Documents\GitHub\Arus-Kas-Toko\public\index.php(37): CodeIgniter\CodeIgniter->run()
#9 C:\Users\E-RM7\Documents\GitHub\Arus-Kas-Toko\system\Commands\Server\rewrite.php(43): require_once('C:\\Users\\E-RM7\\...')
#10 {main}
CRITICAL - 2024-11-29 08:16:17 --> Undefined variable $data
#0 C:\Users\E-RM7\Documents\GitHub\Arus-Kas-Toko\app\Views\Admin\Laporan\Lap_labaRugi.php(123): CodeIgniter\Debug\Exceptions->errorHandler(2, 'Undefined varia...', 'C:\\Users\\E-RM7\\...', 123)
#1 C:\Users\E-RM7\Documents\GitHub\Arus-Kas-Toko\system\View\View.php(210): include('C:\\Users\\E-RM7\\...')
#2 C:\Users\E-RM7\Documents\GitHub\Arus-Kas-Toko\system\View\View.php(213): CodeIgniter\View\View->CodeIgniter\View\{closure}()
#3 C:\Users\E-RM7\Documents\GitHub\Arus-Kas-Toko\system\Common.php(1089): CodeIgniter\View\View->render('Admin/Laporan/L...', Array, true)
#4 C:\Users\E-RM7\Documents\GitHub\Arus-Kas-Toko\app\Controllers\Admin.php(2378): view('Admin/Laporan/L...', Array)
#5 C:\Users\E-RM7\Documents\GitHub\Arus-Kas-Toko\system\CodeIgniter.php(832): App\Controllers\Admin->cetakLabaRugi()
#6 C:\Users\E-RM7\Documents\GitHub\Arus-Kas-Toko\system\CodeIgniter.php(419): CodeIgniter\CodeIgniter->runController(Object(App\Controllers\Admin))
#7 C:\Users\E-RM7\Documents\GitHub\Arus-Kas-Toko\system\CodeIgniter.php(326): CodeIgniter\CodeIgniter->handleRequest(NULL, Object(Config\Cache), false)
#8 C:\Users\E-RM7\Documents\GitHub\Arus-Kas-Toko\public\index.php(37): CodeIgniter\CodeIgniter->run()
#9 C:\Users\E-RM7\Documents\GitHub\Arus-Kas-Toko\system\Commands\Server\rewrite.php(43): require_once('C:\\Users\\E-RM7\\...')
#10 {main}
CRITICAL - 2024-11-29 08:44:23 --> Undefined variable $data
#0 C:\Users\E-RM7\Documents\GitHub\Arus-Kas-Toko\app\Views\Admin\Laporan\Lap_labaRugi.php(123): CodeIgniter\Debug\Exceptions->errorHandler(2, 'Undefined varia...', 'C:\\Users\\E-RM7\\...', 123)
#1 C:\Users\E-RM7\Documents\GitHub\Arus-Kas-Toko\system\View\View.php(210): include('C:\\Users\\E-RM7\\...')
#2 C:\Users\E-RM7\Documents\GitHub\Arus-Kas-Toko\system\View\View.php(213): CodeIgniter\View\View->CodeIgniter\View\{closure}()
#3 C:\Users\E-RM7\Documents\GitHub\Arus-Kas-Toko\system\Common.php(1089): CodeIgniter\View\View->render('Admin/Laporan/L...', Array, true)
#4 C:\Users\E-RM7\Documents\GitHub\Arus-Kas-Toko\app\Controllers\Admin.php(2378): view('Admin/Laporan/L...', Array)
#5 C:\Users\E-RM7\Documents\GitHub\Arus-Kas-Toko\system\CodeIgniter.php(832): App\Controllers\Admin->cetakLabaRugi()
#6 C:\Users\E-RM7\Documents\GitHub\Arus-Kas-Toko\system\CodeIgniter.php(419): CodeIgniter\CodeIgniter->runController(Object(App\Controllers\Admin))
#7 C:\Users\E-RM7\Documents\GitHub\Arus-Kas-Toko\system\CodeIgniter.php(326): CodeIgniter\CodeIgniter->handleRequest(NULL, Object(Config\Cache), false)
#8 C:\Users\E-RM7\Documents\GitHub\Arus-Kas-Toko\public\index.php(37): CodeIgniter\CodeIgniter->run()
#9 C:\Users\E-RM7\Documents\GitHub\Arus-Kas-Toko\system\Commands\Server\rewrite.php(43): require_once('C:\\Users\\E-RM7\\...')
#10 {main}
CRITICAL - 2024-11-29 08:44:43 --> Undefined variable $data
#0 C:\Users\E-RM7\Documents\GitHub\Arus-Kas-Toko\app\Views\Admin\Laporan\Lap_labaRugi.php(142): CodeIgniter\Debug\Exceptions->errorHandler(2, 'Undefined varia...', 'C:\\Users\\E-RM7\\...', 142)
#1 C:\Users\E-RM7\Documents\GitHub\Arus-Kas-Toko\system\View\View.php(210): include('C:\\Users\\E-RM7\\...')
#2 C:\Users\E-RM7\Documents\GitHub\Arus-Kas-Toko\system\View\View.php(213): CodeIgniter\View\View->CodeIgniter\View\{closure}()
#3 C:\Users\E-RM7\Documents\GitHub\Arus-Kas-Toko\system\Common.php(1089): CodeIgniter\View\View->render('Admin/Laporan/L...', Array, true)
#4 C:\Users\E-RM7\Documents\GitHub\Arus-Kas-Toko\app\Controllers\Admin.php(2378): view('Admin/Laporan/L...', Array)
#5 C:\Users\E-RM7\Documents\GitHub\Arus-Kas-Toko\system\CodeIgniter.php(832): App\Controllers\Admin->cetakLabaRugi()
#6 C:\Users\E-RM7\Documents\GitHub\Arus-Kas-Toko\system\CodeIgniter.php(419): CodeIgniter\CodeIgniter->runController(Object(App\Controllers\Admin))
#7 C:\Users\E-RM7\Documents\GitHub\Arus-Kas-Toko\system\CodeIgniter.php(326): CodeIgniter\CodeIgniter->handleRequest(NULL, Object(Config\Cache), false)
#8 C:\Users\E-RM7\Documents\GitHub\Arus-Kas-Toko\public\index.php(37): CodeIgniter\CodeIgniter->run()
#9 C:\Users\E-RM7\Documents\GitHub\Arus-Kas-Toko\system\Commands\Server\rewrite.php(43): require_once('C:\\Users\\E-RM7\\...')
#10 {main}
CRITICAL - 2024-11-29 08:47:16 --> Undefined variable $data
#0 C:\Users\E-RM7\Documents\GitHub\Arus-Kas-Toko\app\Views\Admin\Laporan\Lap_labaRugi.php(120): CodeIgniter\Debug\Exceptions->errorHandler(2, 'Undefined varia...', 'C:\\Users\\E-RM7\\...', 120)
#1 C:\Users\E-RM7\Documents\GitHub\Arus-Kas-Toko\system\View\View.php(210): include('C:\\Users\\E-RM7\\...')
#2 C:\Users\E-RM7\Documents\GitHub\Arus-Kas-Toko\system\View\View.php(213): CodeIgniter\View\View->CodeIgniter\View\{closure}()
#3 C:\Users\E-RM7\Documents\GitHub\Arus-Kas-Toko\system\Common.php(1089): CodeIgniter\View\View->render('Admin/Laporan/L...', Array, true)
#4 C:\Users\E-RM7\Documents\GitHub\Arus-Kas-Toko\app\Controllers\Admin.php(2378): view('Admin/Laporan/L...', Array)
#5 C:\Users\E-RM7\Documents\GitHub\Arus-Kas-Toko\system\CodeIgniter.php(832): App\Controllers\Admin->cetakLabaRugi()
#6 C:\Users\E-RM7\Documents\GitHub\Arus-Kas-Toko\system\CodeIgniter.php(419): CodeIgniter\CodeIgniter->runController(Object(App\Controllers\Admin))
#7 C:\Users\E-RM7\Documents\GitHub\Arus-Kas-Toko\system\CodeIgniter.php(326): CodeIgniter\CodeIgniter->handleRequest(NULL, Object(Config\Cache), false)
#8 C:\Users\E-RM7\Documents\GitHub\Arus-Kas-Toko\public\index.php(37): CodeIgniter\CodeIgniter->run()
#9 C:\Users\E-RM7\Documents\GitHub\Arus-Kas-Toko\system\Commands\Server\rewrite.php(43): require_once('C:\\Users\\E-RM7\\...')
#10 {main}
CRITICAL - 2024-11-29 08:50:43 --> Undefined variable $data
#0 C:\Users\E-RM7\Documents\GitHub\Arus-Kas-Toko\app\Views\Admin\Laporan\Lap_labaRugi.php(120): CodeIgniter\Debug\Exceptions->errorHandler(2, 'Undefined varia...', 'C:\\Users\\E-RM7\\...', 120)
#1 C:\Users\E-RM7\Documents\GitHub\Arus-Kas-Toko\system\View\View.php(210): include('C:\\Users\\E-RM7\\...')
#2 C:\Users\E-RM7\Documents\GitHub\Arus-Kas-Toko\system\View\View.php(213): CodeIgniter\View\View->CodeIgniter\View\{closure}()
#3 C:\Users\E-RM7\Documents\GitHub\Arus-Kas-Toko\system\Common.php(1089): CodeIgniter\View\View->render('Admin/Laporan/L...', Array, true)
#4 C:\Users\E-RM7\Documents\GitHub\Arus-Kas-Toko\app\Controllers\Admin.php(2378): view('Admin/Laporan/L...', Array)
#5 C:\Users\E-RM7\Documents\GitHub\Arus-Kas-Toko\system\CodeIgniter.php(832): App\Controllers\Admin->cetakLabaRugi()
#6 C:\Users\E-RM7\Documents\GitHub\Arus-Kas-Toko\system\CodeIgniter.php(419): CodeIgniter\CodeIgniter->runController(Object(App\Controllers\Admin))
#7 C:\Users\E-RM7\Documents\GitHub\Arus-Kas-Toko\system\CodeIgniter.php(326): CodeIgniter\CodeIgniter->handleRequest(NULL, Object(Config\Cache), false)
#8 C:\Users\E-RM7\Documents\GitHub\Arus-Kas-Toko\public\index.php(37): CodeIgniter\CodeIgniter->run()
#9 C:\Users\E-RM7\Documents\GitHub\Arus-Kas-Toko\system\Commands\Server\rewrite.php(43): require_once('C:\\Users\\E-RM7\\...')
#10 {main}
CRITICAL - 2024-11-29 08:51:23 --> Undefined variable $data
#0 C:\Users\E-RM7\Documents\GitHub\Arus-Kas-Toko\app\Views\Admin\Laporan\Lap_labaRugi.php(120): CodeIgniter\Debug\Exceptions->errorHandler(2, 'Undefined varia...', 'C:\\Users\\E-RM7\\...', 120)
#1 C:\Users\E-RM7\Documents\GitHub\Arus-Kas-Toko\system\View\View.php(210): include('C:\\Users\\E-RM7\\...')
#2 C:\Users\E-RM7\Documents\GitHub\Arus-Kas-Toko\system\View\View.php(213): CodeIgniter\View\View->CodeIgniter\View\{closure}()
#3 C:\Users\E-RM7\Documents\GitHub\Arus-Kas-Toko\system\Common.php(1089): CodeIgniter\View\View->render('Admin/Laporan/L...', Array, true)
#4 C:\Users\E-RM7\Documents\GitHub\Arus-Kas-Toko\app\Controllers\Admin.php(2378): view('Admin/Laporan/L...', Array)
#5 C:\Users\E-RM7\Documents\GitHub\Arus-Kas-Toko\system\CodeIgniter.php(832): App\Controllers\Admin->cetakLabaRugi()
#6 C:\Users\E-RM7\Documents\GitHub\Arus-Kas-Toko\system\CodeIgniter.php(419): CodeIgniter\CodeIgniter->runController(Object(App\Controllers\Admin))
#7 C:\Users\E-RM7\Documents\GitHub\Arus-Kas-Toko\system\CodeIgniter.php(326): CodeIgniter\CodeIgniter->handleRequest(NULL, Object(Config\Cache), false)
#8 C:\Users\E-RM7\Documents\GitHub\Arus-Kas-Toko\public\index.php(37): CodeIgniter\CodeIgniter->run()
#9 C:\Users\E-RM7\Documents\GitHub\Arus-Kas-Toko\system\Commands\Server\rewrite.php(43): require_once('C:\\Users\\E-RM7\\...')
#10 {main}
CRITICAL - 2024-11-29 08:51:54 --> Undefined variable $data
#0 C:\Users\E-RM7\Documents\GitHub\Arus-Kas-Toko\app\Views\Admin\Laporan\Lap_labaRugi.php(145): CodeIgniter\Debug\Exceptions->errorHandler(2, 'Undefined varia...', 'C:\\Users\\E-RM7\\...', 145)
#1 C:\Users\E-RM7\Documents\GitHub\Arus-Kas-Toko\system\View\View.php(210): include('C:\\Users\\E-RM7\\...')
#2 C:\Users\E-RM7\Documents\GitHub\Arus-Kas-Toko\system\View\View.php(213): CodeIgniter\View\View->CodeIgniter\View\{closure}()
#3 C:\Users\E-RM7\Documents\GitHub\Arus-Kas-Toko\system\Common.php(1089): CodeIgniter\View\View->render('Admin/Laporan/L...', Array, true)
#4 C:\Users\E-RM7\Documents\GitHub\Arus-Kas-Toko\app\Controllers\Admin.php(2378): view('Admin/Laporan/L...', Array)
#5 C:\Users\E-RM7\Documents\GitHub\Arus-Kas-Toko\system\CodeIgniter.php(832): App\Controllers\Admin->cetakLabaRugi()
#6 C:\Users\E-RM7\Documents\GitHub\Arus-Kas-Toko\system\CodeIgniter.php(419): CodeIgniter\CodeIgniter->runController(Object(App\Controllers\Admin))
#7 C:\Users\E-RM7\Documents\GitHub\Arus-Kas-Toko\system\CodeIgniter.php(326): CodeIgniter\CodeIgniter->handleRequest(NULL, Object(Config\Cache), false)
#8 C:\Users\E-RM7\Documents\GitHub\Arus-Kas-Toko\public\index.php(37): CodeIgniter\CodeIgniter->run()
#9 C:\Users\E-RM7\Documents\GitHub\Arus-Kas-Toko\system\Commands\Server\rewrite.php(43): require_once('C:\\Users\\E-RM7\\...')
#10 {main}
CRITICAL - 2024-11-29 08:53:19 --> Undefined variable $data
#0 C:\Users\E-RM7\Documents\GitHub\Arus-Kas-Toko\app\Views\Admin\Laporan\Lap_labaRugi.php(145): CodeIgniter\Debug\Exceptions->errorHandler(2, 'Undefined varia...', 'C:\\Users\\E-RM7\\...', 145)
#1 C:\Users\E-RM7\Documents\GitHub\Arus-Kas-Toko\system\View\View.php(210): include('C:\\Users\\E-RM7\\...')
#2 C:\Users\E-RM7\Documents\GitHub\Arus-Kas-Toko\system\View\View.php(213): CodeIgniter\View\View->CodeIgniter\View\{closure}()
#3 C:\Users\E-RM7\Documents\GitHub\Arus-Kas-Toko\system\Common.php(1089): CodeIgniter\View\View->render('Admin/Laporan/L...', Array, true)
#4 C:\Users\E-RM7\Documents\GitHub\Arus-Kas-Toko\app\Controllers\Admin.php(2378): view('Admin/Laporan/L...', Array)
#5 C:\Users\E-RM7\Documents\GitHub\Arus-Kas-Toko\system\CodeIgniter.php(832): App\Controllers\Admin->cetakLabaRugi()
#6 C:\Users\E-RM7\Documents\GitHub\Arus-Kas-Toko\system\CodeIgniter.php(419): CodeIgniter\CodeIgniter->runController(Object(App\Controllers\Admin))
#7 C:\Users\E-RM7\Documents\GitHub\Arus-Kas-Toko\system\CodeIgniter.php(326): CodeIgniter\CodeIgniter->handleRequest(NULL, Object(Config\Cache), false)
#8 C:\Users\E-RM7\Documents\GitHub\Arus-Kas-Toko\public\index.php(37): CodeIgniter\CodeIgniter->run()
#9 C:\Users\E-RM7\Documents\GitHub\Arus-Kas-Toko\system\Commands\Server\rewrite.php(43): require_once('C:\\Users\\E-RM7\\...')
#10 {main}
CRITICAL - 2024-11-29 08:53:24 --> Undefined variable $data
#0 C:\Users\E-RM7\Documents\GitHub\Arus-Kas-Toko\app\Views\Admin\Laporan\Lap_labaRugi.php(145): CodeIgniter\Debug\Exceptions->errorHandler(2, 'Undefined varia...', 'C:\\Users\\E-RM7\\...', 145)
#1 C:\Users\E-RM7\Documents\GitHub\Arus-Kas-Toko\system\View\View.php(210): include('C:\\Users\\E-RM7\\...')
#2 C:\Users\E-RM7\Documents\GitHub\Arus-Kas-Toko\system\View\View.php(213): CodeIgniter\View\View->CodeIgniter\View\{closure}()
#3 C:\Users\E-RM7\Documents\GitHub\Arus-Kas-Toko\system\Common.php(1089): CodeIgniter\View\View->render('Admin/Laporan/L...', Array, true)
#4 C:\Users\E-RM7\Documents\GitHub\Arus-Kas-Toko\app\Controllers\Admin.php(2378): view('Admin/Laporan/L...', Array)
#5 C:\Users\E-RM7\Documents\GitHub\Arus-Kas-Toko\system\CodeIgniter.php(832): App\Controllers\Admin->cetakLabaRugi()
#6 C:\Users\E-RM7\Documents\GitHub\Arus-Kas-Toko\system\CodeIgniter.php(419): CodeIgniter\CodeIgniter->runController(Object(App\Controllers\Admin))
#7 C:\Users\E-RM7\Documents\GitHub\Arus-Kas-Toko\system\CodeIgniter.php(326): CodeIgniter\CodeIgniter->handleRequest(NULL, Object(Config\Cache), false)
#8 C:\Users\E-RM7\Documents\GitHub\Arus-Kas-Toko\public\index.php(37): CodeIgniter\CodeIgniter->run()
#9 C:\Users\E-RM7\Documents\GitHub\Arus-Kas-Toko\system\Commands\Server\rewrite.php(43): require_once('C:\\Users\\E-RM7\\...')
#10 {main}
CRITICAL - 2024-11-29 08:53:53 --> Undefined variable $data
#0 C:\Users\E-RM7\Documents\GitHub\Arus-Kas-Toko\app\Views\Admin\Laporan\Lap_labaRugi.php(149): CodeIgniter\Debug\Exceptions->errorHandler(2, 'Undefined varia...', 'C:\\Users\\E-RM7\\...', 149)
#1 C:\Users\E-RM7\Documents\GitHub\Arus-Kas-Toko\system\View\View.php(210): include('C:\\Users\\E-RM7\\...')
#2 C:\Users\E-RM7\Documents\GitHub\Arus-Kas-Toko\system\View\View.php(213): CodeIgniter\View\View->CodeIgniter\View\{closure}()
#3 C:\Users\E-RM7\Documents\GitHub\Arus-Kas-Toko\system\Common.php(1089): CodeIgniter\View\View->render('Admin/Laporan/L...', Array, true)
#4 C:\Users\E-RM7\Documents\GitHub\Arus-Kas-Toko\app\Controllers\Admin.php(2378): view('Admin/Laporan/L...', Array)
#5 C:\Users\E-RM7\Documents\GitHub\Arus-Kas-Toko\system\CodeIgniter.php(832): App\Controllers\Admin->cetakLabaRugi()
#6 C:\Users\E-RM7\Documents\GitHub\Arus-Kas-Toko\system\CodeIgniter.php(419): CodeIgniter\CodeIgniter->runController(Object(App\Controllers\Admin))
#7 C:\Users\E-RM7\Documents\GitHub\Arus-Kas-Toko\system\CodeIgniter.php(326): CodeIgniter\CodeIgniter->handleRequest(NULL, Object(Config\Cache), false)
#8 C:\Users\E-RM7\Documents\GitHub\Arus-Kas-Toko\public\index.php(37): CodeIgniter\CodeIgniter->run()
#9 C:\Users\E-RM7\Documents\GitHub\Arus-Kas-Toko\system\Commands\Server\rewrite.php(43): require_once('C:\\Users\\E-RM7\\...')
#10 {main}
CRITICAL - 2024-11-29 08:56:13 --> Undefined variable $data
#0 C:\Users\E-RM7\Documents\GitHub\Arus-Kas-Toko\app\Views\Admin\Laporan\Lap_labaRugi.php(149): CodeIgniter\Debug\Exceptions->errorHandler(2, 'Undefined varia...', 'C:\\Users\\E-RM7\\...', 149)
#1 C:\Users\E-RM7\Documents\GitHub\Arus-Kas-Toko\system\View\View.php(210): include('C:\\Users\\E-RM7\\...')
#2 C:\Users\E-RM7\Documents\GitHub\Arus-Kas-Toko\system\View\View.php(213): CodeIgniter\View\View->CodeIgniter\View\{closure}()
#3 C:\Users\E-RM7\Documents\GitHub\Arus-Kas-Toko\system\Common.php(1089): CodeIgniter\View\View->render('Admin/Laporan/L...', Array, true)
#4 C:\Users\E-RM7\Documents\GitHub\Arus-Kas-Toko\app\Controllers\Admin.php(2379): view('Admin/Laporan/L...', Array)
#5 C:\Users\E-RM7\Documents\GitHub\Arus-Kas-Toko\system\CodeIgniter.php(832): App\Controllers\Admin->cetakLabaRugi()
#6 C:\Users\E-RM7\Documents\GitHub\Arus-Kas-Toko\system\CodeIgniter.php(419): CodeIgniter\CodeIgniter->runController(Object(App\Controllers\Admin))
#7 C:\Users\E-RM7\Documents\GitHub\Arus-Kas-Toko\system\CodeIgniter.php(326): CodeIgniter\CodeIgniter->handleRequest(NULL, Object(Config\Cache), false)
#8 C:\Users\E-RM7\Documents\GitHub\Arus-Kas-Toko\public\index.php(37): CodeIgniter\CodeIgniter->run()
#9 C:\Users\E-RM7\Documents\GitHub\Arus-Kas-Toko\system\Commands\Server\rewrite.php(43): require_once('C:\\Users\\E-RM7\\...')
#10 {main}
ERROR - 2024-11-29 09:20:47 --> You have an error in your SQL syntax; check the manual that corresponds to your MySQL server version for the right syntax to use near '`jumlah_awal`) AS `total_pemasukan`
FROM `kas_toko`
WHERE `jenis_transaksi` = 'p' at line 1
CRITICAL - 2024-11-29 09:20:47 --> You have an error in your SQL syntax; check the manual that corresponds to your MySQL server version for the right syntax to use near '`jumlah_awal`) AS `total_pemasukan`
FROM `kas_toko`
WHERE `jenis_transaksi` = 'p' at line 1
#0 C:\Users\E-RM7\Documents\GitHub\Arus-Kas-Toko\system\Database\MySQLi\Connection.php(292): mysqli->query('SELECT SUM(`jum...', 0)
#1 C:\Users\E-RM7\Documents\GitHub\Arus-Kas-Toko\system\Database\BaseConnection.php(670): CodeIgniter\Database\MySQLi\Connection->execute('SELECT SUM(`jum...')
#2 C:\Users\E-RM7\Documents\GitHub\Arus-Kas-Toko\system\Database\BaseConnection.php(598): CodeIgniter\Database\BaseConnection->simpleQuery('SELECT SUM(`jum...')
#3 C:\Users\E-RM7\Documents\GitHub\Arus-Kas-Toko\system\Database\BaseBuilder.php(1455): CodeIgniter\Database\BaseConnection->query('SELECT SUM(`jum...', Array, false)
#4 C:\Users\E-RM7\Documents\GitHub\Arus-Kas-Toko\system\Model.php(210): CodeIgniter\Database\BaseBuilder->get()
#5 C:\Users\E-RM7\Documents\GitHub\Arus-Kas-Toko\system\BaseModel.php(622): CodeIgniter\Model->doFirst()
#6 C:\Users\E-RM7\Documents\GitHub\Arus-Kas-Toko\app\Controllers\Admin.php(2316): CodeIgniter\BaseModel->first()
#7 C:\Users\E-RM7\Documents\GitHub\Arus-Kas-Toko\system\CodeIgniter.php(832): App\Controllers\Admin->cetakLabaRugi()
#8 C:\Users\E-RM7\Documents\GitHub\Arus-Kas-Toko\system\CodeIgniter.php(419): CodeIgniter\CodeIgniter->runController(Object(App\Controllers\Admin))
#9 C:\Users\E-RM7\Documents\GitHub\Arus-Kas-Toko\system\CodeIgniter.php(326): CodeIgniter\CodeIgniter->handleRequest(NULL, Object(Config\Cache), false)
#10 C:\Users\E-RM7\Documents\GitHub\Arus-Kas-Toko\public\index.php(37): CodeIgniter\CodeIgniter->run()
#11 C:\Users\E-RM7\Documents\GitHub\Arus-Kas-Toko\system\Commands\Server\rewrite.php(43): require_once('C:\\Users\\E-RM7\\...')
#12 {main}
ERROR - 2024-11-29 09:21:06 --> You have an error in your SQL syntax; check the manual that corresponds to your MySQL server version for the right syntax to use near '`jumlah_awal`) AS `total_pemasukan`
FROM `kas_toko`
WHERE `jenis_transaksi` = 'p' at line 1
CRITICAL - 2024-11-29 09:21:06 --> You have an error in your SQL syntax; check the manual that corresponds to your MySQL server version for the right syntax to use near '`jumlah_awal`) AS `total_pemasukan`
FROM `kas_toko`
WHERE `jenis_transaksi` = 'p' at line 1
#0 C:\Users\E-RM7\Documents\GitHub\Arus-Kas-Toko\system\Database\MySQLi\Connection.php(292): mysqli->query('SELECT SUM(`jum...', 0)
#1 C:\Users\E-RM7\Documents\GitHub\Arus-Kas-Toko\system\Database\BaseConnection.php(670): CodeIgniter\Database\MySQLi\Connection->execute('SELECT SUM(`jum...')
#2 C:\Users\E-RM7\Documents\GitHub\Arus-Kas-Toko\system\Database\BaseConnection.php(598): CodeIgniter\Database\BaseConnection->simpleQuery('SELECT SUM(`jum...')
#3 C:\Users\E-RM7\Documents\GitHub\Arus-Kas-Toko\system\Database\BaseBuilder.php(1455): CodeIgniter\Database\BaseConnection->query('SELECT SUM(`jum...', Array, false)
#4 C:\Users\E-RM7\Documents\GitHub\Arus-Kas-Toko\system\Model.php(210): CodeIgniter\Database\BaseBuilder->get()
#5 C:\Users\E-RM7\Documents\GitHub\Arus-Kas-Toko\system\BaseModel.php(622): CodeIgniter\Model->doFirst()
#6 C:\Users\E-RM7\Documents\GitHub\Arus-Kas-Toko\app\Controllers\Admin.php(2316): CodeIgniter\BaseModel->first()
#7 C:\Users\E-RM7\Documents\GitHub\Arus-Kas-Toko\system\CodeIgniter.php(832): App\Controllers\Admin->cetakLabaRugi()
#8 C:\Users\E-RM7\Documents\GitHub\Arus-Kas-Toko\system\CodeIgniter.php(419): CodeIgniter\CodeIgniter->runController(Object(App\Controllers\Admin))
#9 C:\Users\E-RM7\Documents\GitHub\Arus-Kas-Toko\system\CodeIgniter.php(326): CodeIgniter\CodeIgniter->handleRequest(NULL, Object(Config\Cache), false)
#10 C:\Users\E-RM7\Documents\GitHub\Arus-Kas-Toko\public\index.php(37): CodeIgniter\CodeIgniter->run()
#11 C:\Users\E-RM7\Documents\GitHub\Arus-Kas-Toko\system\Commands\Server\rewrite.php(43): require_once('C:\\Users\\E-RM7\\...')
#12 {main}
CRITICAL - 2024-11-29 09:45:03 --> Illegal offset type
#0 C:\Users\E-RM7\Documents\GitHub\Arus-Kas-Toko\system\Database\BaseBuilder.php(631): CodeIgniter\Database\BaseBuilder->whereHaving('QBWhere', Object(Closure), NULL, 'AND ', NULL)
#1 C:\Users\E-RM7\Documents\GitHub\Arus-Kas-Toko\system\Model.php(728): CodeIgniter\Database\BaseBuilder->where(Object(Closure))
#2 C:\Users\E-RM7\Documents\GitHub\Arus-Kas-Toko\app\Controllers\Admin.php(2316): CodeIgniter\Model->__call('where', Array)
#3 C:\Users\E-RM7\Documents\GitHub\Arus-Kas-Toko\system\CodeIgniter.php(832): App\Controllers\Admin->cetakLabaRugi()
#4 C:\Users\E-RM7\Documents\GitHub\Arus-Kas-Toko\system\CodeIgniter.php(419): CodeIgniter\CodeIgniter->runController(Object(App\Controllers\Admin))
#5 C:\Users\E-RM7\Documents\GitHub\Arus-Kas-Toko\system\CodeIgniter.php(326): CodeIgniter\CodeIgniter->handleRequest(NULL, Object(Config\Cache), false)
#6 C:\Users\E-RM7\Documents\GitHub\Arus-Kas-Toko\public\index.php(37): CodeIgniter\CodeIgniter->run()
#7 C:\Users\E-RM7\Documents\GitHub\Arus-Kas-Toko\system\Commands\Server\rewrite.php(43): require_once('C:\\Users\\E-RM7\\...')
#8 {main}
CRITICAL - 2024-11-29 09:45:48 --> Illegal offset type
#0 C:\Users\E-RM7\Documents\GitHub\Arus-Kas-Toko\system\Database\BaseBuilder.php(631): CodeIgniter\Database\BaseBuilder->whereHaving('QBWhere', Object(Closure), NULL, 'AND ', NULL)
#1 C:\Users\E-RM7\Documents\GitHub\Arus-Kas-Toko\system\Model.php(728): CodeIgniter\Database\BaseBuilder->where(Object(Closure))
#2 C:\Users\E-RM7\Documents\GitHub\Arus-Kas-Toko\app\Controllers\Admin.php(2317): CodeIgniter\Model->__call('where', Array)
#3 C:\Users\E-RM7\Documents\GitHub\Arus-Kas-Toko\system\CodeIgniter.php(832): App\Controllers\Admin->cetakLabaRugi()
#4 C:\Users\E-RM7\Documents\GitHub\Arus-Kas-Toko\system\CodeIgniter.php(419): CodeIgniter\CodeIgniter->runController(Object(App\Controllers\Admin))
#5 C:\Users\E-RM7\Documents\GitHub\Arus-Kas-Toko\system\CodeIgniter.php(326): CodeIgniter\CodeIgniter->handleRequest(NULL, Object(Config\Cache), false)
#6 C:\Users\E-RM7\Documents\GitHub\Arus-Kas-Toko\public\index.php(37): CodeIgniter\CodeIgniter->run()
#7 C:\Users\E-RM7\Documents\GitHub\Arus-Kas-Toko\system\Commands\Server\rewrite.php(43): require_once('C:\\Users\\E-RM7\\...')
#8 {main}
CRITICAL - 2024-11-29 10:00:22 --> Trying to access array offset on value of type null
#0 C:\Users\E-RM7\Documents\GitHub\Arus-Kas-Toko\app\Controllers\Admin.php(1052): CodeIgniter\Debug\Exceptions->errorHandler(2, 'Trying to acces...', 'C:\\Users\\E-RM7\\...', 1052)
#1 C:\Users\E-RM7\Documents\GitHub\Arus-Kas-Toko\system\CodeIgniter.php(832): App\Controllers\Admin->pengeluaran()
#2 C:\Users\E-RM7\Documents\GitHub\Arus-Kas-Toko\system\CodeIgniter.php(419): CodeIgniter\CodeIgniter->runController(Object(App\Controllers\Admin))
#3 C:\Users\E-RM7\Documents\GitHub\Arus-Kas-Toko\system\CodeIgniter.php(326): CodeIgniter\CodeIgniter->handleRequest(NULL, Object(Config\Cache), false)
#4 C:\Users\E-RM7\Documents\GitHub\Arus-Kas-Toko\public\index.php(37): CodeIgniter\CodeIgniter->run()
#5 C:\Users\E-RM7\Documents\GitHub\Arus-Kas-Toko\system\Commands\Server\rewrite.php(43): require_once('C:\\Users\\E-RM7\\...')
#6 {main}
CRITICAL - 2024-11-29 10:07:24 --> Undefined variable $data
#0 C:\Users\E-RM7\Documents\GitHub\Arus-Kas-Toko\app\Views\Admin\Paket\Index.php(132): CodeIgniter\Debug\Exceptions->errorHandler(2, 'Undefined varia...', 'C:\\Users\\E-RM7\\...', 132)
#1 C:\Users\E-RM7\Documents\GitHub\Arus-Kas-Toko\system\View\View.php(210): include('C:\\Users\\E-RM7\\...')
#2 C:\Users\E-RM7\Documents\GitHub\Arus-Kas-Toko\system\View\View.php(213): CodeIgniter\View\View->CodeIgniter\View\{closure}()
#3 C:\Users\E-RM7\Documents\GitHub\Arus-Kas-Toko\system\Common.php(1089): CodeIgniter\View\View->render('Admin/Paket/Ind...', Array, true)
#4 C:\Users\E-RM7\Documents\GitHub\Arus-Kas-Toko\app\Controllers\Admin.php(4581): view('Admin/Paket/Ind...', Array)
#5 C:\Users\E-RM7\Documents\GitHub\Arus-Kas-Toko\system\CodeIgniter.php(832): App\Controllers\Admin->paket()
#6 C:\Users\E-RM7\Documents\GitHub\Arus-Kas-Toko\system\CodeIgniter.php(419): CodeIgniter\CodeIgniter->runController(Object(App\Controllers\Admin))
#7 C:\Users\E-RM7\Documents\GitHub\Arus-Kas-Toko\system\CodeIgniter.php(326): CodeIgniter\CodeIgniter->handleRequest(NULL, Object(Config\Cache), false)
#8 C:\Users\E-RM7\Documents\GitHub\Arus-Kas-Toko\public\index.php(37): CodeIgniter\CodeIgniter->run()
#9 C:\Users\E-RM7\Documents\GitHub\Arus-Kas-Toko\system\Commands\Server\rewrite.php(43): require_once('C:\\Users\\E-RM7\\...')
#10 {main}
CRITICAL - 2024-11-29 10:08:45 --> Undefined variable $data
#0 C:\Users\E-RM7\Documents\GitHub\Arus-Kas-Toko\app\Views\Admin\Paket\Index.php(132): CodeIgniter\Debug\Exceptions->errorHandler(2, 'Undefined varia...', 'C:\\Users\\E-RM7\\...', 132)
#1 C:\Users\E-RM7\Documents\GitHub\Arus-Kas-Toko\system\View\View.php(210): include('C:\\Users\\E-RM7\\...')
#2 C:\Users\E-RM7\Documents\GitHub\Arus-Kas-Toko\system\View\View.php(213): CodeIgniter\View\View->CodeIgniter\View\{closure}()
#3 C:\Users\E-RM7\Documents\GitHub\Arus-Kas-Toko\system\Common.php(1089): CodeIgniter\View\View->render('Admin/Paket/Ind...', Array, true)
#4 C:\Users\E-RM7\Documents\GitHub\Arus-Kas-Toko\app\Controllers\Admin.php(4581): view('Admin/Paket/Ind...', Array)
#5 C:\Users\E-RM7\Documents\GitHub\Arus-Kas-Toko\system\CodeIgniter.php(832): App\Controllers\Admin->paket()
#6 C:\Users\E-RM7\Documents\GitHub\Arus-Kas-Toko\system\CodeIgniter.php(419): CodeIgniter\CodeIgniter->runController(Object(App\Controllers\Admin))
#7 C:\Users\E-RM7\Documents\GitHub\Arus-Kas-Toko\system\CodeIgniter.php(326): CodeIgniter\CodeIgniter->handleRequest(NULL, Object(Config\Cache), false)
#8 C:\Users\E-RM7\Documents\GitHub\Arus-Kas-Toko\public\index.php(37): CodeIgniter\CodeIgniter->run()
#9 C:\Users\E-RM7\Documents\GitHub\Arus-Kas-Toko\system\Commands\Server\rewrite.php(43): require_once('C:\\Users\\E-RM7\\...')
#10 {main}
CRITICAL - 2024-11-29 10:09:19 --> Undefined variable $data
#0 C:\Users\E-RM7\Documents\GitHub\Arus-Kas-Toko\app\Views\Admin\Paket\Index.php(132): CodeIgniter\Debug\Exceptions->errorHandler(2, 'Undefined varia...', 'C:\\Users\\E-RM7\\...', 132)
#1 C:\Users\E-RM7\Documents\GitHub\Arus-Kas-Toko\system\View\View.php(210): include('C:\\Users\\E-RM7\\...')
#2 C:\Users\E-RM7\Documents\GitHub\Arus-Kas-Toko\system\View\View.php(213): CodeIgniter\View\View->CodeIgniter\View\{closure}()
#3 C:\Users\E-RM7\Documents\GitHub\Arus-Kas-Toko\system\Common.php(1089): CodeIgniter\View\View->render('Admin/Paket/Ind...', Array, true)
#4 C:\Users\E-RM7\Documents\GitHub\Arus-Kas-Toko\app\Controllers\Admin.php(4589): view('Admin/Paket/Ind...', Array)
#5 C:\Users\E-RM7\Documents\GitHub\Arus-Kas-Toko\system\CodeIgniter.php(832): App\Controllers\Admin->paket()
#6 C:\Users\E-RM7\Documents\GitHub\Arus-Kas-Toko\system\CodeIgniter.php(419): CodeIgniter\CodeIgniter->runController(Object(App\Controllers\Admin))
#7 C:\Users\E-RM7\Documents\GitHub\Arus-Kas-Toko\system\CodeIgniter.php(326): CodeIgniter\CodeIgniter->handleRequest(NULL, Object(Config\Cache), false)
#8 C:\Users\E-RM7\Documents\GitHub\Arus-Kas-Toko\public\index.php(37): CodeIgniter\CodeIgniter->run()
#9 C:\Users\E-RM7\Documents\GitHub\Arus-Kas-Toko\system\Commands\Server\rewrite.php(43): require_once('C:\\Users\\E-RM7\\...')
#10 {main}
CRITICAL - 2024-11-29 10:09:21 --> Undefined variable $data
#0 C:\Users\E-RM7\Documents\GitHub\Arus-Kas-Toko\app\Views\Admin\Paket\Index.php(132): CodeIgniter\Debug\Exceptions->errorHandler(2, 'Undefined varia...', 'C:\\Users\\E-RM7\\...', 132)
#1 C:\Users\E-RM7\Documents\GitHub\Arus-Kas-Toko\system\View\View.php(210): include('C:\\Users\\E-RM7\\...')
#2 C:\Users\E-RM7\Documents\GitHub\Arus-Kas-Toko\system\View\View.php(213): CodeIgniter\View\View->CodeIgniter\View\{closure}()
#3 C:\Users\E-RM7\Documents\GitHub\Arus-Kas-Toko\system\Common.php(1089): CodeIgniter\View\View->render('Admin/Paket/Ind...', Array, true)
#4 C:\Users\E-RM7\Documents\GitHub\Arus-Kas-Toko\app\Controllers\Admin.php(4589): view('Admin/Paket/Ind...', Array)
#5 C:\Users\E-RM7\Documents\GitHub\Arus-Kas-Toko\system\CodeIgniter.php(832): App\Controllers\Admin->paket()
#6 C:\Users\E-RM7\Documents\GitHub\Arus-Kas-Toko\system\CodeIgniter.php(419): CodeIgniter\CodeIgniter->runController(Object(App\Controllers\Admin))
#7 C:\Users\E-RM7\Documents\GitHub\Arus-Kas-Toko\system\CodeIgniter.php(326): CodeIgniter\CodeIgniter->handleRequest(NULL, Object(Config\Cache), false)
#8 C:\Users\E-RM7\Documents\GitHub\Arus-Kas-Toko\public\index.php(37): CodeIgniter\CodeIgniter->run()
#9 C:\Users\E-RM7\Documents\GitHub\Arus-Kas-Toko\system\Commands\Server\rewrite.php(43): require_once('C:\\Users\\E-RM7\\...')
#10 {main}
CRITICAL - 2024-11-29 10:09:35 --> Undefined variable $data
#0 C:\Users\E-RM7\Documents\GitHub\Arus-Kas-Toko\app\Views\Admin\Paket\Index.php(132): CodeIgniter\Debug\Exceptions->errorHandler(2, 'Undefined varia...', 'C:\\Users\\E-RM7\\...', 132)
#1 C:\Users\E-RM7\Documents\GitHub\Arus-Kas-Toko\system\View\View.php(210): include('C:\\Users\\E-RM7\\...')
#2 C:\Users\E-RM7\Documents\GitHub\Arus-Kas-Toko\system\View\View.php(213): CodeIgniter\View\View->CodeIgniter\View\{closure}()
#3 C:\Users\E-RM7\Documents\GitHub\Arus-Kas-Toko\system\Common.php(1089): CodeIgniter\View\View->render('Admin/Paket/Ind...', Array, true)
#4 C:\Users\E-RM7\Documents\GitHub\Arus-Kas-Toko\app\Controllers\Admin.php(4589): view('Admin/Paket/Ind...', Array)
#5 C:\Users\E-RM7\Documents\GitHub\Arus-Kas-Toko\system\CodeIgniter.php(832): App\Controllers\Admin->paket()
#6 C:\Users\E-RM7\Documents\GitHub\Arus-Kas-Toko\system\CodeIgniter.php(419): CodeIgniter\CodeIgniter->runController(Object(App\Controllers\Admin))
#7 C:\Users\E-RM7\Documents\GitHub\Arus-Kas-Toko\system\CodeIgniter.php(326): CodeIgniter\CodeIgniter->handleRequest(NULL, Object(Config\Cache), false)
#8 C:\Users\E-RM7\Documents\GitHub\Arus-Kas-Toko\public\index.php(37): CodeIgniter\CodeIgniter->run()
#9 C:\Users\E-RM7\Documents\GitHub\Arus-Kas-Toko\system\Commands\Server\rewrite.php(43): require_once('C:\\Users\\E-RM7\\...')
#10 {main}
CRITICAL - 2024-11-29 10:10:12 --> Undefined variable $data
#0 C:\Users\E-RM7\Documents\GitHub\Arus-Kas-Toko\app\Views\Admin\Paket\Index.php(132): CodeIgniter\Debug\Exceptions->errorHandler(2, 'Undefined varia...', 'C:\\Users\\E-RM7\\...', 132)
#1 C:\Users\E-RM7\Documents\GitHub\Arus-Kas-Toko\system\View\View.php(210): include('C:\\Users\\E-RM7\\...')
#2 C:\Users\E-RM7\Documents\GitHub\Arus-Kas-Toko\system\View\View.php(213): CodeIgniter\View\View->CodeIgniter\View\{closure}()
#3 C:\Users\E-RM7\Documents\GitHub\Arus-Kas-Toko\system\Common.php(1089): CodeIgniter\View\View->render('Admin/Paket/Ind...', Array, true)
#4 C:\Users\E-RM7\Documents\GitHub\Arus-Kas-Toko\app\Controllers\Admin.php(4589): view('Admin/Paket/Ind...', Array)
#5 C:\Users\E-RM7\Documents\GitHub\Arus-Kas-Toko\system\CodeIgniter.php(832): App\Controllers\Admin->paket()
#6 C:\Users\E-RM7\Documents\GitHub\Arus-Kas-Toko\system\CodeIgniter.php(419): CodeIgniter\CodeIgniter->runController(Object(App\Controllers\Admin))
#7 C:\Users\E-RM7\Documents\GitHub\Arus-Kas-Toko\system\CodeIgniter.php(326): CodeIgniter\CodeIgniter->handleRequest(NULL, Object(Config\Cache), false)
#8 C:\Users\E-RM7\Documents\GitHub\Arus-Kas-Toko\public\index.php(37): CodeIgniter\CodeIgniter->run()
#9 C:\Users\E-RM7\Documents\GitHub\Arus-Kas-Toko\system\Commands\Server\rewrite.php(43): require_once('C:\\Users\\E-RM7\\...')
#10 {main}
CRITICAL - 2024-11-29 10:14:25 --> Too few arguments to function App\Controllers\Admin::updatePaket(), 0 passed in C:\Users\E-RM7\Documents\GitHub\Arus-Kas-Toko\system\CodeIgniter.php on line 832 and exactly 1 expected
#0 C:\Users\E-RM7\Documents\GitHub\Arus-Kas-Toko\system\CodeIgniter.php(832): App\Controllers\Admin->updatePaket()
#1 C:\Users\E-RM7\Documents\GitHub\Arus-Kas-Toko\system\CodeIgniter.php(419): CodeIgniter\CodeIgniter->runController(Object(App\Controllers\Admin))
#2 C:\Users\E-RM7\Documents\GitHub\Arus-Kas-Toko\system\CodeIgniter.php(326): CodeIgniter\CodeIgniter->handleRequest(NULL, Object(Config\Cache), false)
#3 C:\Users\E-RM7\Documents\GitHub\Arus-Kas-Toko\public\index.php(37): CodeIgniter\CodeIgniter->run()
#4 C:\Users\E-RM7\Documents\GitHub\Arus-Kas-Toko\system\Commands\Server\rewrite.php(43): require_once('C:\\Users\\E-RM7\\...')
#5 {main}
CRITICAL - 2024-11-29 10:15:15 --> Too few arguments to function App\Controllers\Admin::updatePaket(), 0 passed in C:\Users\E-RM7\Documents\GitHub\Arus-Kas-Toko\system\CodeIgniter.php on line 832 and exactly 1 expected
#0 C:\Users\E-RM7\Documents\GitHub\Arus-Kas-Toko\system\CodeIgniter.php(832): App\Controllers\Admin->updatePaket()
#1 C:\Users\E-RM7\Documents\GitHub\Arus-Kas-Toko\system\CodeIgniter.php(419): CodeIgniter\CodeIgniter->runController(Object(App\Controllers\Admin))
#2 C:\Users\E-RM7\Documents\GitHub\Arus-Kas-Toko\system\CodeIgniter.php(326): CodeIgniter\CodeIgniter->handleRequest(NULL, Object(Config\Cache), false)
#3 C:\Users\E-RM7\Documents\GitHub\Arus-Kas-Toko\public\index.php(37): CodeIgniter\CodeIgniter->run()
#4 C:\Users\E-RM7\Documents\GitHub\Arus-Kas-Toko\system\Commands\Server\rewrite.php(43): require_once('C:\\Users\\E-RM7\\...')
#5 {main}
CRITICAL - 2024-11-29 10:31:15 --> Undefined variable $data
#0 C:\Users\E-RM7\Documents\GitHub\Arus-Kas-Toko\app\Views\Admin\Paket\Index.php(132): CodeIgniter\Debug\Exceptions->errorHandler(2, 'Undefined varia...', 'C:\\Users\\E-RM7\\...', 132)
#1 C:\Users\E-RM7\Documents\GitHub\Arus-Kas-Toko\system\View\View.php(210): include('C:\\Users\\E-RM7\\...')
#2 C:\Users\E-RM7\Documents\GitHub\Arus-Kas-Toko\system\View\View.php(213): CodeIgniter\View\View->CodeIgniter\View\{closure}()
#3 C:\Users\E-RM7\Documents\GitHub\Arus-Kas-Toko\system\Common.php(1089): CodeIgniter\View\View->render('Admin/Paket/Ind...', Array, true)
#4 C:\Users\E-RM7\Documents\GitHub\Arus-Kas-Toko\app\Controllers\Admin.php(4558): view('Admin/Paket/Ind...', Array)
#5 C:\Users\E-RM7\Documents\GitHub\Arus-Kas-Toko\system\CodeIgniter.php(832): App\Controllers\Admin->paket()
#6 C:\Users\E-RM7\Documents\GitHub\Arus-Kas-Toko\system\CodeIgniter.php(419): CodeIgniter\CodeIgniter->runController(Object(App\Controllers\Admin))
#7 C:\Users\E-RM7\Documents\GitHub\Arus-Kas-Toko\system\CodeIgniter.php(326): CodeIgniter\CodeIgniter->handleRequest(NULL, Object(Config\Cache), false)
#8 C:\Users\E-RM7\Documents\GitHub\Arus-Kas-Toko\public\index.php(37): CodeIgniter\CodeIgniter->run()
#9 C:\Users\E-RM7\Documents\GitHub\Arus-Kas-Toko\system\Commands\Server\rewrite.php(43): require_once('C:\\Users\\E-RM7\\...')
#10 {main}
CRITICAL - 2024-11-29 10:31:23 --> Undefined variable $data
#0 C:\Users\E-RM7\Documents\GitHub\Arus-Kas-Toko\app\Views\Admin\Paket\Index.php(132): CodeIgniter\Debug\Exceptions->errorHandler(2, 'Undefined varia...', 'C:\\Users\\E-RM7\\...', 132)
#1 C:\Users\E-RM7\Documents\GitHub\Arus-Kas-Toko\system\View\View.php(210): include('C:\\Users\\E-RM7\\...')
#2 C:\Users\E-RM7\Documents\GitHub\Arus-Kas-Toko\system\View\View.php(213): CodeIgniter\View\View->CodeIgniter\View\{closure}()
#3 C:\Users\E-RM7\Documents\GitHub\Arus-Kas-Toko\system\Common.php(1089): CodeIgniter\View\View->render('Admin/Paket/Ind...', Array, true)
#4 C:\Users\E-RM7\Documents\GitHub\Arus-Kas-Toko\app\Controllers\Admin.php(4558): view('Admin/Paket/Ind...', Array)
#5 C:\Users\E-RM7\Documents\GitHub\Arus-Kas-Toko\system\CodeIgniter.php(832): App\Controllers\Admin->paket()
#6 C:\Users\E-RM7\Documents\GitHub\Arus-Kas-Toko\system\CodeIgniter.php(419): CodeIgniter\CodeIgniter->runController(Object(App\Controllers\Admin))
#7 C:\Users\E-RM7\Documents\GitHub\Arus-Kas-Toko\system\CodeIgniter.php(326): CodeIgniter\CodeIgniter->handleRequest(NULL, Object(Config\Cache), false)
#8 C:\Users\E-RM7\Documents\GitHub\Arus-Kas-Toko\public\index.php(37): CodeIgniter\CodeIgniter->run()
#9 C:\Users\E-RM7\Documents\GitHub\Arus-Kas-Toko\system\Commands\Server\rewrite.php(43): require_once('C:\\Users\\E-RM7\\...')
#10 {main}
CRITICAL - 2024-11-29 10:31:25 --> Undefined variable $data
#0 C:\Users\E-RM7\Documents\GitHub\Arus-Kas-Toko\app\Views\Admin\Paket\Index.php(132): CodeIgniter\Debug\Exceptions->errorHandler(2, 'Undefined varia...', 'C:\\Users\\E-RM7\\...', 132)
#1 C:\Users\E-RM7\Documents\GitHub\Arus-Kas-Toko\system\View\View.php(210): include('C:\\Users\\E-RM7\\...')
#2 C:\Users\E-RM7\Documents\GitHub\Arus-Kas-Toko\system\View\View.php(213): CodeIgniter\View\View->CodeIgniter\View\{closure}()
#3 C:\Users\E-RM7\Documents\GitHub\Arus-Kas-Toko\system\Common.php(1089): CodeIgniter\View\View->render('Admin/Paket/Ind...', Array, true)
#4 C:\Users\E-RM7\Documents\GitHub\Arus-Kas-Toko\app\Controllers\Admin.php(4558): view('Admin/Paket/Ind...', Array)
#5 C:\Users\E-RM7\Documents\GitHub\Arus-Kas-Toko\system\CodeIgniter.php(832): App\Controllers\Admin->paket()
#6 C:\Users\E-RM7\Documents\GitHub\Arus-Kas-Toko\system\CodeIgniter.php(419): CodeIgniter\CodeIgniter->runController(Object(App\Controllers\Admin))
#7 C:\Users\E-RM7\Documents\GitHub\Arus-Kas-Toko\system\CodeIgniter.php(326): CodeIgniter\CodeIgniter->handleRequest(NULL, Object(Config\Cache), false)
#8 C:\Users\E-RM7\Documents\GitHub\Arus-Kas-Toko\public\index.php(37): CodeIgniter\CodeIgniter->run()
#9 C:\Users\E-RM7\Documents\GitHub\Arus-Kas-Toko\system\Commands\Server\rewrite.php(43): require_once('C:\\Users\\E-RM7\\...')
#10 {main}
CRITICAL - 2024-11-29 10:32:13 --> Undefined variable $data
#0 C:\Users\E-RM7\Documents\GitHub\Arus-Kas-Toko\app\Views\Admin\Paket\Index.php(132): CodeIgniter\Debug\Exceptions->errorHandler(2, 'Undefined varia...', 'C:\\Users\\E-RM7\\...', 132)
#1 C:\Users\E-RM7\Documents\GitHub\Arus-Kas-Toko\system\View\View.php(210): include('C:\\Users\\E-RM7\\...')
#2 C:\Users\E-RM7\Documents\GitHub\Arus-Kas-Toko\system\View\View.php(213): CodeIgniter\View\View->CodeIgniter\View\{closure}()
#3 C:\Users\E-RM7\Documents\GitHub\Arus-Kas-Toko\system\Common.php(1089): CodeIgniter\View\View->render('Admin/Paket/Ind...', Array, true)
#4 C:\Users\E-RM7\Documents\GitHub\Arus-Kas-Toko\app\Controllers\Admin.php(4558): view('Admin/Paket/Ind...', Array)
#5 C:\Users\E-RM7\Documents\GitHub\Arus-Kas-Toko\system\CodeIgniter.php(832): App\Controllers\Admin->paket()
#6 C:\Users\E-RM7\Documents\GitHub\Arus-Kas-Toko\system\CodeIgniter.php(419): CodeIgniter\CodeIgniter->runController(Object(App\Controllers\Admin))
#7 C:\Users\E-RM7\Documents\GitHub\Arus-Kas-Toko\system\CodeIgniter.php(326): CodeIgniter\CodeIgniter->handleRequest(NULL, Object(Config\Cache), false)
#8 C:\Users\E-RM7\Documents\GitHub\Arus-Kas-Toko\public\index.php(37): CodeIgniter\CodeIgniter->run()
#9 C:\Users\E-RM7\Documents\GitHub\Arus-Kas-Toko\system\Commands\Server\rewrite.php(43): require_once('C:\\Users\\E-RM7\\...')
#10 {main}
CRITICAL - 2024-11-29 10:45:09 --> Too few arguments to function App\Controllers\Admin::updatePaket(), 0 passed in C:\Users\E-RM7\Documents\GitHub\Arus-Kas-Toko\system\CodeIgniter.php on line 832 and exactly 1 expected
#0 C:\Users\E-RM7\Documents\GitHub\Arus-Kas-Toko\system\CodeIgniter.php(832): App\Controllers\Admin->updatePaket()
#1 C:\Users\E-RM7\Documents\GitHub\Arus-Kas-Toko\system\CodeIgniter.php(419): CodeIgniter\CodeIgniter->runController(Object(App\Controllers\Admin))
#2 C:\Users\E-RM7\Documents\GitHub\Arus-Kas-Toko\system\CodeIgniter.php(326): CodeIgniter\CodeIgniter->handleRequest(NULL, Object(Config\Cache), false)
#3 C:\Users\E-RM7\Documents\GitHub\Arus-Kas-Toko\public\index.php(37): CodeIgniter\CodeIgniter->run()
#4 C:\Users\E-RM7\Documents\GitHub\Arus-Kas-Toko\system\Commands\Server\rewrite.php(43): require_once('C:\\Users\\E-RM7\\...')
#5 {main}
ERROR - 2024-11-29 10:48:32 --> Table 'vip_net.pelanggan' doesn't exist
CRITICAL - 2024-11-29 10:48:32 --> Table 'vip_net.pelanggan' doesn't exist
#0 C:\Users\E-RM7\Documents\GitHub\Arus-Kas-Toko\system\Database\MySQLi\Connection.php(292): mysqli->query('DELETE FROM `pe...', 0)
#1 C:\Users\E-RM7\Documents\GitHub\Arus-Kas-Toko\system\Database\BaseConnection.php(670): CodeIgniter\Database\MySQLi\Connection->execute('DELETE FROM `pe...')
#2 C:\Users\E-RM7\Documents\GitHub\Arus-Kas-Toko\system\Database\BaseConnection.php(598): CodeIgniter\Database\BaseConnection->simpleQuery('DELETE FROM `pe...')
#3 C:\Users\E-RM7\Documents\GitHub\Arus-Kas-Toko\system\Database\BaseBuilder.php(2225): CodeIgniter\Database\BaseConnection->query('DELETE FROM `pe...', Array, false)
#4 C:\Users\E-RM7\Documents\GitHub\Arus-Kas-Toko\system\Model.php(359): CodeIgniter\Database\BaseBuilder->delete()
#5 C:\Users\E-RM7\Documents\GitHub\Arus-Kas-Toko\system\BaseModel.php(963): CodeIgniter\Model->doDelete(Array, false)
#6 C:\Users\E-RM7\Documents\GitHub\Arus-Kas-Toko\app\Controllers\Admin.php(557): CodeIgniter\BaseModel->delete(Array)
#7 C:\Users\E-RM7\Documents\GitHub\Arus-Kas-Toko\system\CodeIgniter.php(832): App\Controllers\Admin->pelanggan_delete('13')
#8 C:\Users\E-RM7\Documents\GitHub\Arus-Kas-Toko\system\CodeIgniter.php(419): CodeIgniter\CodeIgniter->runController(Object(App\Controllers\Admin))
#9 C:\Users\E-RM7\Documents\GitHub\Arus-Kas-Toko\system\CodeIgniter.php(326): CodeIgniter\CodeIgniter->handleRequest(NULL, Object(Config\Cache), false)
#10 C:\Users\E-RM7\Documents\GitHub\Arus-Kas-Toko\public\index.php(37): CodeIgniter\CodeIgniter->run()
#11 C:\Users\E-RM7\Documents\GitHub\Arus-Kas-Toko\system\Commands\Server\rewrite.php(43): require_once('C:\\Users\\E-RM7\\...')
#12 {main}
ERROR - 2024-11-29 10:49:49 --> Table 'vip_net.pelanggan' doesn't exist
CRITICAL - 2024-11-29 10:49:49 --> Table 'vip_net.pelanggan' doesn't exist
#0 C:\Users\E-RM7\Documents\GitHub\Arus-Kas-Toko\system\Database\MySQLi\Connection.php(292): mysqli->query('SELECT *\nFROM `...', 0)
#1 C:\Users\E-RM7\Documents\GitHub\Arus-Kas-Toko\system\Database\BaseConnection.php(670): CodeIgniter\Database\MySQLi\Connection->execute('SELECT *\nFROM `...')
#2 C:\Users\E-RM7\Documents\GitHub\Arus-Kas-Toko\system\Database\BaseConnection.php(598): CodeIgniter\Database\BaseConnection->simpleQuery('SELECT *\nFROM `...')
#3 C:\Users\E-RM7\Documents\GitHub\Arus-Kas-Toko\system\Database\BaseBuilder.php(1455): CodeIgniter\Database\BaseConnection->query('SELECT *\nFROM `...', Array, false)
#4 C:\Users\E-RM7\Documents\GitHub\Arus-Kas-Toko\system\Model.php(142): CodeIgniter\Database\BaseBuilder->get()
#5 C:\Users\E-RM7\Documents\GitHub\Arus-Kas-Toko\system\BaseModel.php(523): CodeIgniter\Model->doFind(true, '13')
#6 C:\Users\E-RM7\Documents\GitHub\Arus-Kas-Toko\app\Controllers\Admin.php(560): CodeIgniter\BaseModel->find('13')
#7 C:\Users\E-RM7\Documents\GitHub\Arus-Kas-Toko\system\CodeIgniter.php(832): App\Controllers\Admin->deletePelanggan('13')
#8 C:\Users\E-RM7\Documents\GitHub\Arus-Kas-Toko\system\CodeIgniter.php(419): CodeIgniter\CodeIgniter->runController(Object(App\Controllers\Admin))
#9 C:\Users\E-RM7\Documents\GitHub\Arus-Kas-Toko\system\CodeIgniter.php(326): CodeIgniter\CodeIgniter->handleRequest(NULL, Object(Config\Cache), false)
#10 C:\Users\E-RM7\Documents\GitHub\Arus-Kas-Toko\public\index.php(37): CodeIgniter\CodeIgniter->run()
#11 C:\Users\E-RM7\Documents\GitHub\Arus-Kas-Toko\system\Commands\Server\rewrite.php(43): require_once('C:\\Users\\E-RM7\\...')
#12 {main}
CRITICAL - 2024-11-29 20:23:50 --> Undefined property: App\Controllers\Admin::$profil
#0 C:\Users\E-RM7\Documents\GitHub\Arus-Kas-Toko\app\Controllers\Admin.php(305): CodeIgniter\Debug\Exceptions->errorHandler(2, 'Undefined prope...', 'C:\\Users\\E-RM7\\...', 305)
#1 C:\Users\E-RM7\Documents\GitHub\Arus-Kas-Toko\system\CodeIgniter.php(832): App\Controllers\Admin->simpanProfile('1')
#2 C:\Users\E-RM7\Documents\GitHub\Arus-Kas-Toko\system\CodeIgniter.php(419): CodeIgniter\CodeIgniter->runController(Object(App\Controllers\Admin))
#3 C:\Users\E-RM7\Documents\GitHub\Arus-Kas-Toko\system\CodeIgniter.php(326): CodeIgniter\CodeIgniter->handleRequest(NULL, Object(Config\Cache), false)
#4 C:\Users\E-RM7\Documents\GitHub\Arus-Kas-Toko\public\index.php(37): CodeIgniter\CodeIgniter->run()
#5 C:\Users\E-RM7\Documents\GitHub\Arus-Kas-Toko\system\Commands\Server\rewrite.php(43): require_once('C:\\Users\\E-RM7\\...')
#6 {main}
CRITICAL - 2024-11-29 20:29:42 --> unlink(uploads/profile/AdminFOTOadmin.jpeg): No such file or directory
#0 [internal function]: CodeIgniter\Debug\Exceptions->errorHandler(2, 'unlink(uploads/...', 'C:\\Users\\E-RM7\\...', 298)
#1 C:\Users\E-RM7\Documents\GitHub\Arus-Kas-Toko\app\Controllers\Admin.php(298): unlink('uploads/profile...')
#2 C:\Users\E-RM7\Documents\GitHub\Arus-Kas-Toko\system\CodeIgniter.php(832): App\Controllers\Admin->simpanProfile('1')
#3 C:\Users\E-RM7\Documents\GitHub\Arus-Kas-Toko\system\CodeIgniter.php(419): CodeIgniter\CodeIgniter->runController(Object(App\Controllers\Admin))
#4 C:\Users\E-RM7\Documents\GitHub\Arus-Kas-Toko\system\CodeIgniter.php(326): CodeIgniter\CodeIgniter->handleRequest(NULL, Object(Config\Cache), false)
#5 C:\Users\E-RM7\Documents\GitHub\Arus-Kas-Toko\public\index.php(37): CodeIgniter\CodeIgniter->run()
#6 C:\Users\E-RM7\Documents\GitHub\Arus-Kas-Toko\system\Commands\Server\rewrite.php(43): require_once('C:\\Users\\E-RM7\\...')
#7 {main}
