CRITICAL - 2024-11-19 19:02:18 --> Class "App\Models\tagihanModel" not found
#0 C:\Users\E-RM7\Documents\GitHub\Arus-Kas-Toko\system\CodeIgniter.php(809): App\Controllers\Admin->__construct()
#1 C:\Users\E-RM7\Documents\GitHub\Arus-Kas-Toko\system\CodeIgniter.php(410): CodeIgniter\CodeIgniter->createController()
#2 C:\Users\E-RM7\Documents\GitHub\Arus-Kas-Toko\system\CodeIgniter.php(326): CodeIgniter\CodeIgniter->handleRequest(NULL, Object(Config\Cache), false)
#3 C:\Users\E-RM7\Documents\GitHub\Arus-Kas-Toko\public\index.php(37): CodeIgniter\CodeIgniter->run()
#4 C:\Users\E-RM7\Documents\GitHub\Arus-Kas-Toko\system\Commands\Server\rewrite.php(43): require_once('C:\\Users\\E-RM7\\...')
#5 {main}
ERROR - 2024-11-19 19:28:42 --> Unknown column 'created_at' in 'field list'
CRITICAL - 2024-11-19 19:28:42 --> Unknown column 'created_at' in 'field list'
#0 C:\Users\E-RM7\Documents\GitHub\Arus-Kas-Toko\system\Database\MySQLi\Connection.php(292): mysqli->query('INSERT INTO `pa...', 0)
#1 C:\Users\E-RM7\Documents\GitHub\Arus-Kas-Toko\system\Database\BaseConnection.php(670): CodeIgniter\Database\MySQLi\Connection->execute('INSERT INTO `pa...')
#2 C:\Users\E-RM7\Documents\GitHub\Arus-Kas-Toko\system\Database\BaseConnection.php(598): CodeIgniter\Database\BaseConnection->simpleQuery('INSERT INTO `pa...')
#3 C:\Users\E-RM7\Documents\GitHub\Arus-Kas-Toko\system\Database\BaseBuilder.php(1771): CodeIgniter\Database\BaseConnection->query('INSERT INTO `pa...', Array, false)
#4 C:\Users\E-RM7\Documents\GitHub\Arus-Kas-Toko\system\Model.php(239): CodeIgniter\Database\BaseBuilder->insert()
#5 C:\Users\E-RM7\Documents\GitHub\Arus-Kas-Toko\system\BaseModel.php(738): CodeIgniter\Model->doInsert(Array)
#6 C:\Users\E-RM7\Documents\GitHub\Arus-Kas-Toko\system\Model.php(625): CodeIgniter\BaseModel->insert(Array, true)
#7 C:\Users\E-RM7\Documents\GitHub\Arus-Kas-Toko\app\Controllers\Admin.php(4436): CodeIgniter\Model->insert(Array)
#8 C:\Users\E-RM7\Documents\GitHub\Arus-Kas-Toko\system\CodeIgniter.php(832): App\Controllers\Admin->savePaket()
#9 C:\Users\E-RM7\Documents\GitHub\Arus-Kas-Toko\system\CodeIgniter.php(419): CodeIgniter\CodeIgniter->runController(Object(App\Controllers\Admin))
#10 C:\Users\E-RM7\Documents\GitHub\Arus-Kas-Toko\system\CodeIgniter.php(326): CodeIgniter\CodeIgniter->handleRequest(NULL, Object(Config\Cache), false)
#11 C:\Users\E-RM7\Documents\GitHub\Arus-Kas-Toko\public\index.php(37): CodeIgniter\CodeIgniter->run()
#12 C:\Users\E-RM7\Documents\GitHub\Arus-Kas-Toko\system\Commands\Server\rewrite.php(43): require_once('C:\\Users\\E-RM7\\...')
#13 {main}
ERROR - 2024-11-19 19:29:06 --> Unknown column 'created_at' in 'field list'
CRITICAL - 2024-11-19 19:29:06 --> Unknown column 'created_at' in 'field list'
#0 C:\Users\E-RM7\Documents\GitHub\Arus-Kas-Toko\system\Database\MySQLi\Connection.php(292): mysqli->query('INSERT INTO `pa...', 0)
#1 C:\Users\E-RM7\Documents\GitHub\Arus-Kas-Toko\system\Database\BaseConnection.php(670): CodeIgniter\Database\MySQLi\Connection->execute('INSERT INTO `pa...')
#2 C:\Users\E-RM7\Documents\GitHub\Arus-Kas-Toko\system\Database\BaseConnection.php(598): CodeIgniter\Database\BaseConnection->simpleQuery('INSERT INTO `pa...')
#3 C:\Users\E-RM7\Documents\GitHub\Arus-Kas-Toko\system\Database\BaseBuilder.php(1771): CodeIgniter\Database\BaseConnection->query('INSERT INTO `pa...', Array, false)
#4 C:\Users\E-RM7\Documents\GitHub\Arus-Kas-Toko\system\Model.php(239): CodeIgniter\Database\BaseBuilder->insert()
#5 C:\Users\E-RM7\Documents\GitHub\Arus-Kas-Toko\system\BaseModel.php(738): CodeIgniter\Model->doInsert(Array)
#6 C:\Users\E-RM7\Documents\GitHub\Arus-Kas-Toko\system\Model.php(625): CodeIgniter\BaseModel->insert(Array, true)
#7 C:\Users\E-RM7\Documents\GitHub\Arus-Kas-Toko\app\Controllers\Admin.php(4436): CodeIgniter\Model->insert(Array)
#8 C:\Users\E-RM7\Documents\GitHub\Arus-Kas-Toko\system\CodeIgniter.php(832): App\Controllers\Admin->savePaket()
#9 C:\Users\E-RM7\Documents\GitHub\Arus-Kas-Toko\system\CodeIgniter.php(419): CodeIgniter\CodeIgniter->runController(Object(App\Controllers\Admin))
#10 C:\Users\E-RM7\Documents\GitHub\Arus-Kas-Toko\system\CodeIgniter.php(326): CodeIgniter\CodeIgniter->handleRequest(NULL, Object(Config\Cache), false)
#11 C:\Users\E-RM7\Documents\GitHub\Arus-Kas-Toko\public\index.php(37): CodeIgniter\CodeIgniter->run()
#12 C:\Users\E-RM7\Documents\GitHub\Arus-Kas-Toko\system\Commands\Server\rewrite.php(43): require_once('C:\\Users\\E-RM7\\...')
#13 {main}
ERROR - 2024-11-19 19:31:12 --> Duplicate entry '' for key 'paket.PRIMARY'
CRITICAL - 2024-11-19 19:31:12 --> Duplicate entry '' for key 'paket.PRIMARY'
#0 C:\Users\E-RM7\Documents\GitHub\Arus-Kas-Toko\system\Database\MySQLi\Connection.php(292): mysqli->query('INSERT INTO `pa...', 0)
#1 C:\Users\E-RM7\Documents\GitHub\Arus-Kas-Toko\system\Database\BaseConnection.php(670): CodeIgniter\Database\MySQLi\Connection->execute('INSERT INTO `pa...')
#2 C:\Users\E-RM7\Documents\GitHub\Arus-Kas-Toko\system\Database\BaseConnection.php(598): CodeIgniter\Database\BaseConnection->simpleQuery('INSERT INTO `pa...')
#3 C:\Users\E-RM7\Documents\GitHub\Arus-Kas-Toko\system\Database\BaseBuilder.php(1771): CodeIgniter\Database\BaseConnection->query('INSERT INTO `pa...', Array, false)
#4 C:\Users\E-RM7\Documents\GitHub\Arus-Kas-Toko\system\Model.php(239): CodeIgniter\Database\BaseBuilder->insert()
#5 C:\Users\E-RM7\Documents\GitHub\Arus-Kas-Toko\system\BaseModel.php(738): CodeIgniter\Model->doInsert(Array)
#6 C:\Users\E-RM7\Documents\GitHub\Arus-Kas-Toko\system\Model.php(625): CodeIgniter\BaseModel->insert(Array, true)
#7 C:\Users\E-RM7\Documents\GitHub\Arus-Kas-Toko\app\Controllers\Admin.php(4448): CodeIgniter\Model->insert(Array)
#8 C:\Users\E-RM7\Documents\GitHub\Arus-Kas-Toko\system\CodeIgniter.php(832): App\Controllers\Admin->savePaket()
#9 C:\Users\E-RM7\Documents\GitHub\Arus-Kas-Toko\system\CodeIgniter.php(419): CodeIgniter\CodeIgniter->runController(Object(App\Controllers\Admin))
#10 C:\Users\E-RM7\Documents\GitHub\Arus-Kas-Toko\system\CodeIgniter.php(326): CodeIgniter\CodeIgniter->handleRequest(NULL, Object(Config\Cache), false)
#11 C:\Users\E-RM7\Documents\GitHub\Arus-Kas-Toko\public\index.php(37): CodeIgniter\CodeIgniter->run()
#12 C:\Users\E-RM7\Documents\GitHub\Arus-Kas-Toko\system\Commands\Server\rewrite.php(43): require_once('C:\\Users\\E-RM7\\...')
#13 {main}
ERROR - 2024-11-19 19:31:23 --> Duplicate entry '' for key 'paket.PRIMARY'
CRITICAL - 2024-11-19 19:31:23 --> Duplicate entry '' for key 'paket.PRIMARY'
#0 C:\Users\E-RM7\Documents\GitHub\Arus-Kas-Toko\system\Database\MySQLi\Connection.php(292): mysqli->query('INSERT INTO `pa...', 0)
#1 C:\Users\E-RM7\Documents\GitHub\Arus-Kas-Toko\system\Database\BaseConnection.php(670): CodeIgniter\Database\MySQLi\Connection->execute('INSERT INTO `pa...')
#2 C:\Users\E-RM7\Documents\GitHub\Arus-Kas-Toko\system\Database\BaseConnection.php(598): CodeIgniter\Database\BaseConnection->simpleQuery('INSERT INTO `pa...')
#3 C:\Users\E-RM7\Documents\GitHub\Arus-Kas-Toko\system\Database\BaseBuilder.php(1771): CodeIgniter\Database\BaseConnection->query('INSERT INTO `pa...', Array, false)
#4 C:\Users\E-RM7\Documents\GitHub\Arus-Kas-Toko\system\Model.php(239): CodeIgniter\Database\BaseBuilder->insert()
#5 C:\Users\E-RM7\Documents\GitHub\Arus-Kas-Toko\system\BaseModel.php(738): CodeIgniter\Model->doInsert(Array)
#6 C:\Users\E-RM7\Documents\GitHub\Arus-Kas-Toko\system\Model.php(625): CodeIgniter\BaseModel->insert(Array, true)
#7 C:\Users\E-RM7\Documents\GitHub\Arus-Kas-Toko\app\Controllers\Admin.php(4448): CodeIgniter\Model->insert(Array)
#8 C:\Users\E-RM7\Documents\GitHub\Arus-Kas-Toko\system\CodeIgniter.php(832): App\Controllers\Admin->savePaket()
#9 C:\Users\E-RM7\Documents\GitHub\Arus-Kas-Toko\system\CodeIgniter.php(419): CodeIgniter\CodeIgniter->runController(Object(App\Controllers\Admin))
#10 C:\Users\E-RM7\Documents\GitHub\Arus-Kas-Toko\system\CodeIgniter.php(326): CodeIgniter\CodeIgniter->handleRequest(NULL, Object(Config\Cache), false)
#11 C:\Users\E-RM7\Documents\GitHub\Arus-Kas-Toko\public\index.php(37): CodeIgniter\CodeIgniter->run()
#12 C:\Users\E-RM7\Documents\GitHub\Arus-Kas-Toko\system\Commands\Server\rewrite.php(43): require_once('C:\\Users\\E-RM7\\...')
#13 {main}
ERROR - 2024-11-19 19:31:42 --> Duplicate entry '' for key 'paket.PRIMARY'
CRITICAL - 2024-11-19 19:31:42 --> Duplicate entry '' for key 'paket.PRIMARY'
#0 C:\Users\E-RM7\Documents\GitHub\Arus-Kas-Toko\system\Database\MySQLi\Connection.php(292): mysqli->query('INSERT INTO `pa...', 0)
#1 C:\Users\E-RM7\Documents\GitHub\Arus-Kas-Toko\system\Database\BaseConnection.php(670): CodeIgniter\Database\MySQLi\Connection->execute('INSERT INTO `pa...')
#2 C:\Users\E-RM7\Documents\GitHub\Arus-Kas-Toko\system\Database\BaseConnection.php(598): CodeIgniter\Database\BaseConnection->simpleQuery('INSERT INTO `pa...')
#3 C:\Users\E-RM7\Documents\GitHub\Arus-Kas-Toko\system\Database\BaseBuilder.php(1771): CodeIgniter\Database\BaseConnection->query('INSERT INTO `pa...', Array, false)
#4 C:\Users\E-RM7\Documents\GitHub\Arus-Kas-Toko\system\Model.php(239): CodeIgniter\Database\BaseBuilder->insert()
#5 C:\Users\E-RM7\Documents\GitHub\Arus-Kas-Toko\system\BaseModel.php(738): CodeIgniter\Model->doInsert(Array)
#6 C:\Users\E-RM7\Documents\GitHub\Arus-Kas-Toko\system\Model.php(625): CodeIgniter\BaseModel->insert(Array, true)
#7 C:\Users\E-RM7\Documents\GitHub\Arus-Kas-Toko\app\Controllers\Admin.php(4448): CodeIgniter\Model->insert(Array)
#8 C:\Users\E-RM7\Documents\GitHub\Arus-Kas-Toko\system\CodeIgniter.php(832): App\Controllers\Admin->savePaket()
#9 C:\Users\E-RM7\Documents\GitHub\Arus-Kas-Toko\system\CodeIgniter.php(419): CodeIgniter\CodeIgniter->runController(Object(App\Controllers\Admin))
#10 C:\Users\E-RM7\Documents\GitHub\Arus-Kas-Toko\system\CodeIgniter.php(326): CodeIgniter\CodeIgniter->handleRequest(NULL, Object(Config\Cache), false)
#11 C:\Users\E-RM7\Documents\GitHub\Arus-Kas-Toko\public\index.php(37): CodeIgniter\CodeIgniter->run()
#12 C:\Users\E-RM7\Documents\GitHub\Arus-Kas-Toko\system\Commands\Server\rewrite.php(43): require_once('C:\\Users\\E-RM7\\...')
#13 {main}
ERROR - 2024-11-19 19:33:50 --> Duplicate entry 'PKG0980' for key 'paket.PRIMARY'
CRITICAL - 2024-11-19 19:33:50 --> Duplicate entry 'PKG0980' for key 'paket.PRIMARY'
#0 C:\Users\E-RM7\Documents\GitHub\Arus-Kas-Toko\system\Database\MySQLi\Connection.php(292): mysqli->query('INSERT INTO `pa...', 0)
#1 C:\Users\E-RM7\Documents\GitHub\Arus-Kas-Toko\system\Database\BaseConnection.php(670): CodeIgniter\Database\MySQLi\Connection->execute('INSERT INTO `pa...')
#2 C:\Users\E-RM7\Documents\GitHub\Arus-Kas-Toko\system\Database\BaseConnection.php(598): CodeIgniter\Database\BaseConnection->simpleQuery('INSERT INTO `pa...')
#3 C:\Users\E-RM7\Documents\GitHub\Arus-Kas-Toko\system\Database\BaseBuilder.php(1771): CodeIgniter\Database\BaseConnection->query('INSERT INTO `pa...', Array, false)
#4 C:\Users\E-RM7\Documents\GitHub\Arus-Kas-Toko\system\Model.php(239): CodeIgniter\Database\BaseBuilder->insert()
#5 C:\Users\E-RM7\Documents\GitHub\Arus-Kas-Toko\system\BaseModel.php(738): CodeIgniter\Model->doInsert(Array)
#6 C:\Users\E-RM7\Documents\GitHub\Arus-Kas-Toko\system\Model.php(625): CodeIgniter\BaseModel->insert(Array, true)
#7 C:\Users\E-RM7\Documents\GitHub\Arus-Kas-Toko\app\Controllers\Admin.php(4449): CodeIgniter\Model->insert(Array)
#8 C:\Users\E-RM7\Documents\GitHub\Arus-Kas-Toko\system\CodeIgniter.php(832): App\Controllers\Admin->savePaket()
#9 C:\Users\E-RM7\Documents\GitHub\Arus-Kas-Toko\system\CodeIgniter.php(419): CodeIgniter\CodeIgniter->runController(Object(App\Controllers\Admin))
#10 C:\Users\E-RM7\Documents\GitHub\Arus-Kas-Toko\system\CodeIgniter.php(326): CodeIgniter\CodeIgniter->handleRequest(NULL, Object(Config\Cache), false)
#11 C:\Users\E-RM7\Documents\GitHub\Arus-Kas-Toko\public\index.php(37): CodeIgniter\CodeIgniter->run()
#12 C:\Users\E-RM7\Documents\GitHub\Arus-Kas-Toko\system\Commands\Server\rewrite.php(43): require_once('C:\\Users\\E-RM7\\...')
#13 {main}
CRITICAL - 2024-11-19 19:38:27 --> Too few arguments to function App\Controllers\Admin::deletePaket(), 0 passed in C:\Users\E-RM7\Documents\GitHub\Arus-Kas-Toko\system\CodeIgniter.php on line 832 and exactly 1 expected
#0 C:\Users\E-RM7\Documents\GitHub\Arus-Kas-Toko\system\CodeIgniter.php(832): App\Controllers\Admin->deletePaket()
#1 C:\Users\E-RM7\Documents\GitHub\Arus-Kas-Toko\system\CodeIgniter.php(419): CodeIgniter\CodeIgniter->runController(Object(App\Controllers\Admin))
#2 C:\Users\E-RM7\Documents\GitHub\Arus-Kas-Toko\system\CodeIgniter.php(326): CodeIgniter\CodeIgniter->handleRequest(NULL, Object(Config\Cache), false)
#3 C:\Users\E-RM7\Documents\GitHub\Arus-Kas-Toko\public\index.php(37): CodeIgniter\CodeIgniter->run()
#4 C:\Users\E-RM7\Documents\GitHub\Arus-Kas-Toko\system\Commands\Server\rewrite.php(43): require_once('C:\\Users\\E-RM7\\...')
#5 {main}
CRITICAL - 2024-11-19 20:12:47 --> Too few arguments to function App\Controllers\Admin::updatePaket(), 0 passed in C:\Users\E-RM7\Documents\GitHub\Arus-Kas-Toko\system\CodeIgniter.php on line 832 and exactly 1 expected
#0 C:\Users\E-RM7\Documents\GitHub\Arus-Kas-Toko\system\CodeIgniter.php(832): App\Controllers\Admin->updatePaket()
#1 C:\Users\E-RM7\Documents\GitHub\Arus-Kas-Toko\system\CodeIgniter.php(419): CodeIgniter\CodeIgniter->runController(Object(App\Controllers\Admin))
#2 C:\Users\E-RM7\Documents\GitHub\Arus-Kas-Toko\system\CodeIgniter.php(326): CodeIgniter\CodeIgniter->handleRequest(NULL, Object(Config\Cache), false)
#3 C:\Users\E-RM7\Documents\GitHub\Arus-Kas-Toko\public\index.php(37): CodeIgniter\CodeIgniter->run()
#4 C:\Users\E-RM7\Documents\GitHub\Arus-Kas-Toko\system\Commands\Server\rewrite.php(43): require_once('C:\\Users\\E-RM7\\...')
#5 {main}
ERROR - 2024-11-19 20:20:56 --> Unknown column 'created_at' in 'field list'
CRITICAL - 2024-11-19 20:20:56 --> Unknown column 'created_at' in 'field list'
#0 C:\Users\E-RM7\Documents\GitHub\Arus-Kas-Toko\system\Database\MySQLi\Connection.php(292): mysqli->query('INSERT INTO `pe...', 0)
#1 C:\Users\E-RM7\Documents\GitHub\Arus-Kas-Toko\system\Database\BaseConnection.php(670): CodeIgniter\Database\MySQLi\Connection->execute('INSERT INTO `pe...')
#2 C:\Users\E-RM7\Documents\GitHub\Arus-Kas-Toko\system\Database\BaseConnection.php(598): CodeIgniter\Database\BaseConnection->simpleQuery('INSERT INTO `pe...')
#3 C:\Users\E-RM7\Documents\GitHub\Arus-Kas-Toko\system\Database\BaseBuilder.php(1771): CodeIgniter\Database\BaseConnection->query('INSERT INTO `pe...', Array, false)
#4 C:\Users\E-RM7\Documents\GitHub\Arus-Kas-Toko\system\Model.php(239): CodeIgniter\Database\BaseBuilder->insert()
#5 C:\Users\E-RM7\Documents\GitHub\Arus-Kas-Toko\system\BaseModel.php(738): CodeIgniter\Model->doInsert(Array)
#6 C:\Users\E-RM7\Documents\GitHub\Arus-Kas-Toko\system\Model.php(625): CodeIgniter\BaseModel->insert(Array, true)
#7 C:\Users\E-RM7\Documents\GitHub\Arus-Kas-Toko\app\Controllers\Admin.php(4592): CodeIgniter\Model->insert(Array)
#8 C:\Users\E-RM7\Documents\GitHub\Arus-Kas-Toko\system\CodeIgniter.php(832): App\Controllers\Admin->simpanPelanggan()
#9 C:\Users\E-RM7\Documents\GitHub\Arus-Kas-Toko\system\CodeIgniter.php(419): CodeIgniter\CodeIgniter->runController(Object(App\Controllers\Admin))
#10 C:\Users\E-RM7\Documents\GitHub\Arus-Kas-Toko\system\CodeIgniter.php(326): CodeIgniter\CodeIgniter->handleRequest(NULL, Object(Config\Cache), false)
#11 C:\Users\E-RM7\Documents\GitHub\Arus-Kas-Toko\public\index.php(37): CodeIgniter\CodeIgniter->run()
#12 C:\Users\E-RM7\Documents\GitHub\Arus-Kas-Toko\system\Commands\Server\rewrite.php(43): require_once('C:\\Users\\E-RM7\\...')
#13 {main}
ERROR - 2024-11-19 20:21:11 --> Cannot add or update a child row: a foreign key constraint fails (`toko_hera`.`pelanggan_wifi`, CONSTRAINT `pelanggan_wifi_ibfk_1` FOREIGN KEY (`kode_paket`) REFERENCES `paket` (`kode_paket`) ON DELETE SET NULL)
CRITICAL - 2024-11-19 20:21:11 --> Cannot add or update a child row: a foreign key constraint fails (`toko_hera`.`pelanggan_wifi`, CONSTRAINT `pelanggan_wifi_ibfk_1` FOREIGN KEY (`kode_paket`) REFERENCES `paket` (`kode_paket`) ON DELETE SET NULL)
#0 C:\Users\E-RM7\Documents\GitHub\Arus-Kas-Toko\system\Database\MySQLi\Connection.php(292): mysqli->query('INSERT INTO `pe...', 0)
#1 C:\Users\E-RM7\Documents\GitHub\Arus-Kas-Toko\system\Database\BaseConnection.php(670): CodeIgniter\Database\MySQLi\Connection->execute('INSERT INTO `pe...')
#2 C:\Users\E-RM7\Documents\GitHub\Arus-Kas-Toko\system\Database\BaseConnection.php(598): CodeIgniter\Database\BaseConnection->simpleQuery('INSERT INTO `pe...')
#3 C:\Users\E-RM7\Documents\GitHub\Arus-Kas-Toko\system\Database\BaseBuilder.php(1771): CodeIgniter\Database\BaseConnection->query('INSERT INTO `pe...', Array, false)
#4 C:\Users\E-RM7\Documents\GitHub\Arus-Kas-Toko\system\Model.php(239): CodeIgniter\Database\BaseBuilder->insert()
#5 C:\Users\E-RM7\Documents\GitHub\Arus-Kas-Toko\system\BaseModel.php(738): CodeIgniter\Model->doInsert(Array)
#6 C:\Users\E-RM7\Documents\GitHub\Arus-Kas-Toko\system\Model.php(625): CodeIgniter\BaseModel->insert(Array, true)
#7 C:\Users\E-RM7\Documents\GitHub\Arus-Kas-Toko\app\Controllers\Admin.php(4592): CodeIgniter\Model->insert(Array)
#8 C:\Users\E-RM7\Documents\GitHub\Arus-Kas-Toko\system\CodeIgniter.php(832): App\Controllers\Admin->simpanPelanggan()
#9 C:\Users\E-RM7\Documents\GitHub\Arus-Kas-Toko\system\CodeIgniter.php(419): CodeIgniter\CodeIgniter->runController(Object(App\Controllers\Admin))
#10 C:\Users\E-RM7\Documents\GitHub\Arus-Kas-Toko\system\CodeIgniter.php(326): CodeIgniter\CodeIgniter->handleRequest(NULL, Object(Config\Cache), false)
#11 C:\Users\E-RM7\Documents\GitHub\Arus-Kas-Toko\public\index.php(37): CodeIgniter\CodeIgniter->run()
#12 C:\Users\E-RM7\Documents\GitHub\Arus-Kas-Toko\system\Commands\Server\rewrite.php(43): require_once('C:\\Users\\E-RM7\\...')
#13 {main}
CRITICAL - 2024-11-19 20:28:53 --> Undefined variable $pakets
#0 C:\Users\E-RM7\Documents\GitHub\Arus-Kas-Toko\app\Views\Admin\Pelanggan\Tambah_pelanggan.php(136): CodeIgniter\Debug\Exceptions->errorHandler(2, 'Undefined varia...', 'C:\\Users\\E-RM7\\...', 136)
#1 C:\Users\E-RM7\Documents\GitHub\Arus-Kas-Toko\system\View\View.php(210): include('C:\\Users\\E-RM7\\...')
#2 C:\Users\E-RM7\Documents\GitHub\Arus-Kas-Toko\system\View\View.php(213): CodeIgniter\View\View->CodeIgniter\View\{closure}()
#3 C:\Users\E-RM7\Documents\GitHub\Arus-Kas-Toko\system\Common.php(1089): CodeIgniter\View\View->render('Admin/Pelanggan...', Array, true)
#4 C:\Users\E-RM7\Documents\GitHub\Arus-Kas-Toko\app\Controllers\Admin.php(431): view('Admin/Pelanggan...', Array)
#5 C:\Users\E-RM7\Documents\GitHub\Arus-Kas-Toko\system\CodeIgniter.php(832): App\Controllers\Admin->tambah_pelanggan()
#6 C:\Users\E-RM7\Documents\GitHub\Arus-Kas-Toko\system\CodeIgniter.php(419): CodeIgniter\CodeIgniter->runController(Object(App\Controllers\Admin))
#7 C:\Users\E-RM7\Documents\GitHub\Arus-Kas-Toko\system\CodeIgniter.php(326): CodeIgniter\CodeIgniter->handleRequest(NULL, Object(Config\Cache), false)
#8 C:\Users\E-RM7\Documents\GitHub\Arus-Kas-Toko\public\index.php(37): CodeIgniter\CodeIgniter->run()
#9 C:\Users\E-RM7\Documents\GitHub\Arus-Kas-Toko\system\Commands\Server\rewrite.php(43): require_once('C:\\Users\\E-RM7\\...')
#10 {main}
CRITICAL - 2024-11-19 20:32:22 --> Undefined array key "nama_satuan"
#0 C:\Users\E-RM7\Documents\GitHub\Arus-Kas-Toko\app\Views\Admin\Pelanggan\Tambah_pelanggan.php(140): CodeIgniter\Debug\Exceptions->errorHandler(2, 'Undefined array...', 'C:\\Users\\E-RM7\\...', 140)
#1 C:\Users\E-RM7\Documents\GitHub\Arus-Kas-Toko\system\View\View.php(210): include('C:\\Users\\E-RM7\\...')
#2 C:\Users\E-RM7\Documents\GitHub\Arus-Kas-Toko\system\View\View.php(213): CodeIgniter\View\View->CodeIgniter\View\{closure}()
#3 C:\Users\E-RM7\Documents\GitHub\Arus-Kas-Toko\system\Common.php(1089): CodeIgniter\View\View->render('Admin/Pelanggan...', Array, true)
#4 C:\Users\E-RM7\Documents\GitHub\Arus-Kas-Toko\app\Controllers\Admin.php(443): view('Admin/Pelanggan...', Array)
#5 C:\Users\E-RM7\Documents\GitHub\Arus-Kas-Toko\system\CodeIgniter.php(832): App\Controllers\Admin->tambah_pelanggan()
#6 C:\Users\E-RM7\Documents\GitHub\Arus-Kas-Toko\system\CodeIgniter.php(419): CodeIgniter\CodeIgniter->runController(Object(App\Controllers\Admin))
#7 C:\Users\E-RM7\Documents\GitHub\Arus-Kas-Toko\system\CodeIgniter.php(326): CodeIgniter\CodeIgniter->handleRequest(NULL, Object(Config\Cache), false)
#8 C:\Users\E-RM7\Documents\GitHub\Arus-Kas-Toko\public\index.php(37): CodeIgniter\CodeIgniter->run()
#9 C:\Users\E-RM7\Documents\GitHub\Arus-Kas-Toko\system\Commands\Server\rewrite.php(43): require_once('C:\\Users\\E-RM7\\...')
#10 {main}
CRITICAL - 2024-11-19 20:36:02 --> Cannot redeclare App\Controllers\Admin::tambah_pelanggan()
#0 [internal function]: CodeIgniter\Debug\Exceptions->shutdownHandler()
#1 {main}
CRITICAL - 2024-11-19 20:36:21 --> Cannot redeclare App\Controllers\Admin::tambah_pelanggan()
#0 [internal function]: CodeIgniter\Debug\Exceptions->shutdownHandler()
#1 {main}
CRITICAL - 2024-11-19 20:38:18 --> Cannot redeclare App\Controllers\Admin::tambah_pelanggan()
#0 [internal function]: CodeIgniter\Debug\Exceptions->shutdownHandler()
#1 {main}
CRITICAL - 2024-11-19 20:40:57 --> Undefined array key "kontak"
#0 C:\Users\E-RM7\Documents\GitHub\Arus-Kas-Toko\app\Views\Admin\Pelanggan\Index.php(62): CodeIgniter\Debug\Exceptions->errorHandler(2, 'Undefined array...', 'C:\\Users\\E-RM7\\...', 62)
#1 C:\Users\E-RM7\Documents\GitHub\Arus-Kas-Toko\system\View\View.php(210): include('C:\\Users\\E-RM7\\...')
#2 C:\Users\E-RM7\Documents\GitHub\Arus-Kas-Toko\system\View\View.php(213): CodeIgniter\View\View->CodeIgniter\View\{closure}()
#3 C:\Users\E-RM7\Documents\GitHub\Arus-Kas-Toko\system\Common.php(1089): CodeIgniter\View\View->render('Admin/Pelanggan...', Array, true)
#4 C:\Users\E-RM7\Documents\GitHub\Arus-Kas-Toko\app\Controllers\Admin.php(422): view('Admin/Pelanggan...', Array)
#5 C:\Users\E-RM7\Documents\GitHub\Arus-Kas-Toko\system\CodeIgniter.php(832): App\Controllers\Admin->pelanggan()
#6 C:\Users\E-RM7\Documents\GitHub\Arus-Kas-Toko\system\CodeIgniter.php(419): CodeIgniter\CodeIgniter->runController(Object(App\Controllers\Admin))
#7 C:\Users\E-RM7\Documents\GitHub\Arus-Kas-Toko\system\CodeIgniter.php(326): CodeIgniter\CodeIgniter->handleRequest(NULL, Object(Config\Cache), false)
#8 C:\Users\E-RM7\Documents\GitHub\Arus-Kas-Toko\public\index.php(37): CodeIgniter\CodeIgniter->run()
#9 C:\Users\E-RM7\Documents\GitHub\Arus-Kas-Toko\system\Commands\Server\rewrite.php(43): require_once('C:\\Users\\E-RM7\\...')
#10 {main}
CRITICAL - 2024-11-19 20:41:25 --> Undefined array key "id_pelanggan"
#0 C:\Users\E-RM7\Documents\GitHub\Arus-Kas-Toko\app\Views\Admin\Pelanggan\Index.php(68): CodeIgniter\Debug\Exceptions->errorHandler(2, 'Undefined array...', 'C:\\Users\\E-RM7\\...', 68)
#1 C:\Users\E-RM7\Documents\GitHub\Arus-Kas-Toko\system\View\View.php(210): include('C:\\Users\\E-RM7\\...')
#2 C:\Users\E-RM7\Documents\GitHub\Arus-Kas-Toko\system\View\View.php(213): CodeIgniter\View\View->CodeIgniter\View\{closure}()
#3 C:\Users\E-RM7\Documents\GitHub\Arus-Kas-Toko\system\Common.php(1089): CodeIgniter\View\View->render('Admin/Pelanggan...', Array, true)
#4 C:\Users\E-RM7\Documents\GitHub\Arus-Kas-Toko\app\Controllers\Admin.php(422): view('Admin/Pelanggan...', Array)
#5 C:\Users\E-RM7\Documents\GitHub\Arus-Kas-Toko\system\CodeIgniter.php(832): App\Controllers\Admin->pelanggan()
#6 C:\Users\E-RM7\Documents\GitHub\Arus-Kas-Toko\system\CodeIgniter.php(419): CodeIgniter\CodeIgniter->runController(Object(App\Controllers\Admin))
#7 C:\Users\E-RM7\Documents\GitHub\Arus-Kas-Toko\system\CodeIgniter.php(326): CodeIgniter\CodeIgniter->handleRequest(NULL, Object(Config\Cache), false)
#8 C:\Users\E-RM7\Documents\GitHub\Arus-Kas-Toko\public\index.php(37): CodeIgniter\CodeIgniter->run()
#9 C:\Users\E-RM7\Documents\GitHub\Arus-Kas-Toko\system\Commands\Server\rewrite.php(43): require_once('C:\\Users\\E-RM7\\...')
#10 {main}
