ERROR - 2024-11-18 12:49:57 --> Error connecting to the database: Unknown database 'toko_hera'
CRITICAL - 2024-11-18 12:49:57 --> Unable to connect to the database.
Main connection [MySQLi]: Unknown database 'toko_hera'
#0 C:\Users\E-RM7\Documents\GitHub\Arus-Kas-Toko\system\Database\BaseConnection.php(577): CodeIgniter\Database\BaseConnection->initialize()
#1 C:\Users\E-RM7\Documents\GitHub\Arus-Kas-Toko\system\Database\BaseBuilder.php(1455): CodeIgniter\Database\BaseConnection->query('SELECT *\nFROM `...', Array, false)
#2 C:\Users\E-RM7\Documents\GitHub\Arus-Kas-Toko\system\Model.php(210): CodeIgniter\Database\BaseBuilder->get()
#3 C:\Users\E-RM7\Documents\GitHub\Arus-Kas-Toko\system\BaseModel.php(622): CodeIgniter\Model->doFirst()
#4 C:\Users\E-RM7\Documents\GitHub\Arus-Kas-Toko\vendor\myth\auth\src\Authentication\LocalAuthenticator.php(140): CodeIgniter\BaseModel->first()
#5 C:\Users\E-RM7\Documents\GitHub\Arus-Kas-Toko\vendor\myth\auth\src\Authentication\LocalAuthenticator.php(19): Myth\Auth\Authentication\LocalAuthenticator->validate(Array, true)
#6 C:\Users\E-RM7\Documents\GitHub\Arus-Kas-Toko\vendor\myth\auth\src\Controllers\AuthController.php(87): Myth\Auth\Authentication\LocalAuthenticator->attempt(Array, false)
#7 C:\Users\E-RM7\Documents\GitHub\Arus-Kas-Toko\system\CodeIgniter.php(832): Myth\Auth\Controllers\AuthController->attemptLogin()
#8 C:\Users\E-RM7\Documents\GitHub\Arus-Kas-Toko\system\CodeIgniter.php(419): CodeIgniter\CodeIgniter->runController(Object(Myth\Auth\Controllers\AuthController))
#9 C:\Users\E-RM7\Documents\GitHub\Arus-Kas-Toko\system\CodeIgniter.php(326): CodeIgniter\CodeIgniter->handleRequest(NULL, Object(Config\Cache), false)
#10 C:\Users\E-RM7\Documents\GitHub\Arus-Kas-Toko\public\index.php(37): CodeIgniter\CodeIgniter->run()
#11 C:\Users\E-RM7\Documents\GitHub\Arus-Kas-Toko\system\Commands\Server\rewrite.php(43): require_once('C:\\Users\\E-RM7\\...')
#12 {main}
CRITICAL - 2024-11-18 16:30:06 --> Function strftime() is deprecated
#0 C:\Users\E-RM7\Documents\GitHub\Arus-Kas-Toko\app\Views\Admin\Laporan\Lap_labaRugi.php(122): CodeIgniter\Debug\Exceptions->errorHandler(8192, 'Function strfti...', 'C:\\Users\\E-RM7\\...', 122)
#1 C:\Users\E-RM7\Documents\GitHub\Arus-Kas-Toko\system\View\View.php(210): include('C:\\Users\\E-RM7\\...')
#2 C:\Users\E-RM7\Documents\GitHub\Arus-Kas-Toko\system\View\View.php(213): CodeIgniter\View\View->CodeIgniter\View\{closure}()
#3 C:\Users\E-RM7\Documents\GitHub\Arus-Kas-Toko\system\Common.php(1089): CodeIgniter\View\View->render('Admin/Laporan/L...', Array, true)
#4 C:\Users\E-RM7\Documents\GitHub\Arus-Kas-Toko\app\Controllers\Admin.php(2307): view('Admin/Laporan/L...', Array)
#5 C:\Users\E-RM7\Documents\GitHub\Arus-Kas-Toko\system\CodeIgniter.php(832): App\Controllers\Admin->cetakLabaRugi()
#6 C:\Users\E-RM7\Documents\GitHub\Arus-Kas-Toko\system\CodeIgniter.php(419): CodeIgniter\CodeIgniter->runController(Object(App\Controllers\Admin))
#7 C:\Users\E-RM7\Documents\GitHub\Arus-Kas-Toko\system\CodeIgniter.php(326): CodeIgniter\CodeIgniter->handleRequest(NULL, Object(Config\Cache), false)
#8 C:\Users\E-RM7\Documents\GitHub\Arus-Kas-Toko\public\index.php(37): CodeIgniter\CodeIgniter->run()
#9 C:\Users\E-RM7\Documents\GitHub\Arus-Kas-Toko\system\Commands\Server\rewrite.php(43): require_once('C:\\Users\\E-RM7\\...')
#10 {main}
CRITICAL - 2024-11-18 16:32:27 --> Function strftime() is deprecated
#0 C:\Users\E-RM7\Documents\GitHub\Arus-Kas-Toko\app\Views\Admin\Laporan\Lap_arusKas.php(121): CodeIgniter\Debug\Exceptions->errorHandler(8192, 'Function strfti...', 'C:\\Users\\E-RM7\\...', 121)
#1 C:\Users\E-RM7\Documents\GitHub\Arus-Kas-Toko\system\View\View.php(210): include('C:\\Users\\E-RM7\\...')
#2 C:\Users\E-RM7\Documents\GitHub\Arus-Kas-Toko\system\View\View.php(213): CodeIgniter\View\View->CodeIgniter\View\{closure}()
#3 C:\Users\E-RM7\Documents\GitHub\Arus-Kas-Toko\system\Common.php(1089): CodeIgniter\View\View->render('Admin/Laporan/L...', Array, true)
#4 C:\Users\E-RM7\Documents\GitHub\Arus-Kas-Toko\app\Controllers\Admin.php(2453): view('Admin/Laporan/L...', Array)
#5 C:\Users\E-RM7\Documents\GitHub\Arus-Kas-Toko\system\CodeIgniter.php(832): App\Controllers\Admin->cetakArusKas()
#6 C:\Users\E-RM7\Documents\GitHub\Arus-Kas-Toko\system\CodeIgniter.php(419): CodeIgniter\CodeIgniter->runController(Object(App\Controllers\Admin))
#7 C:\Users\E-RM7\Documents\GitHub\Arus-Kas-Toko\system\CodeIgniter.php(326): CodeIgniter\CodeIgniter->handleRequest(NULL, Object(Config\Cache), false)
#8 C:\Users\E-RM7\Documents\GitHub\Arus-Kas-Toko\public\index.php(37): CodeIgniter\CodeIgniter->run()
#9 C:\Users\E-RM7\Documents\GitHub\Arus-Kas-Toko\system\Commands\Server\rewrite.php(43): require_once('C:\\Users\\E-RM7\\...')
#10 {main}
CRITICAL - 2024-11-18 17:00:11 --> number_format(): Passing null to parameter #1 ($num) of type float is deprecated
#0 [internal function]: CodeIgniter\Debug\Exceptions->errorHandler(8192, 'number_format()...', 'C:\\Users\\E-RM7\\...', 117)
#1 C:\Users\E-RM7\Documents\GitHub\Arus-Kas-Toko\app\Views\Admin\Laporan\Lap_analisisArusKas.php(117): number_format(NULL, 0, ',', '.')
#2 C:\Users\E-RM7\Documents\GitHub\Arus-Kas-Toko\system\View\View.php(210): include('C:\\Users\\E-RM7\\...')
#3 C:\Users\E-RM7\Documents\GitHub\Arus-Kas-Toko\system\View\View.php(213): CodeIgniter\View\View->CodeIgniter\View\{closure}()
#4 C:\Users\E-RM7\Documents\GitHub\Arus-Kas-Toko\system\Common.php(1089): CodeIgniter\View\View->render('Admin/Laporan/L...', Array, true)
#5 C:\Users\E-RM7\Documents\GitHub\Arus-Kas-Toko\app\Controllers\Admin.php(2923): view('Admin/Laporan/L...', Array)
#6 C:\Users\E-RM7\Documents\GitHub\Arus-Kas-Toko\system\CodeIgniter.php(832): App\Controllers\Admin->analisisArusKas()
#7 C:\Users\E-RM7\Documents\GitHub\Arus-Kas-Toko\system\CodeIgniter.php(419): CodeIgniter\CodeIgniter->runController(Object(App\Controllers\Admin))
#8 C:\Users\E-RM7\Documents\GitHub\Arus-Kas-Toko\system\CodeIgniter.php(326): CodeIgniter\CodeIgniter->handleRequest(NULL, Object(Config\Cache), false)
#9 C:\Users\E-RM7\Documents\GitHub\Arus-Kas-Toko\public\index.php(37): CodeIgniter\CodeIgniter->run()
#10 C:\Users\E-RM7\Documents\GitHub\Arus-Kas-Toko\system\Commands\Server\rewrite.php(43): require_once('C:\\Users\\E-RM7\\...')
#11 {main}
CRITICAL - 2024-11-18 17:00:49 --> syntax error, unexpected token ","
#0 C:\Users\E-RM7\Documents\GitHub\Arus-Kas-Toko\system\View\View.php(213): CodeIgniter\View\View->CodeIgniter\View\{closure}()
#1 C:\Users\E-RM7\Documents\GitHub\Arus-Kas-Toko\system\Common.php(1089): CodeIgniter\View\View->render('Admin/Laporan/L...', Array, true)
#2 C:\Users\E-RM7\Documents\GitHub\Arus-Kas-Toko\app\Controllers\Admin.php(2923): view('Admin/Laporan/L...', Array)
#3 C:\Users\E-RM7\Documents\GitHub\Arus-Kas-Toko\system\CodeIgniter.php(832): App\Controllers\Admin->analisisArusKas()
#4 C:\Users\E-RM7\Documents\GitHub\Arus-Kas-Toko\system\CodeIgniter.php(419): CodeIgniter\CodeIgniter->runController(Object(App\Controllers\Admin))
#5 C:\Users\E-RM7\Documents\GitHub\Arus-Kas-Toko\system\CodeIgniter.php(326): CodeIgniter\CodeIgniter->handleRequest(NULL, Object(Config\Cache), false)
#6 C:\Users\E-RM7\Documents\GitHub\Arus-Kas-Toko\public\index.php(37): CodeIgniter\CodeIgniter->run()
#7 C:\Users\E-RM7\Documents\GitHub\Arus-Kas-Toko\system\Commands\Server\rewrite.php(43): require_once('C:\\Users\\E-RM7\\...')
#8 {main}
CRITICAL - 2024-11-18 17:02:02 --> syntax error, unexpected variable "$pemilikName", expecting "," or ";"
#0 C:\Users\E-RM7\Documents\GitHub\Arus-Kas-Toko\system\View\View.php(213): CodeIgniter\View\View->CodeIgniter\View\{closure}()
#1 C:\Users\E-RM7\Documents\GitHub\Arus-Kas-Toko\system\Common.php(1089): CodeIgniter\View\View->render('Admin/Laporan/L...', Array, true)
#2 C:\Users\E-RM7\Documents\GitHub\Arus-Kas-Toko\app\Controllers\Admin.php(2923): view('Admin/Laporan/L...', Array)
#3 C:\Users\E-RM7\Documents\GitHub\Arus-Kas-Toko\system\CodeIgniter.php(832): App\Controllers\Admin->analisisArusKas()
#4 C:\Users\E-RM7\Documents\GitHub\Arus-Kas-Toko\system\CodeIgniter.php(419): CodeIgniter\CodeIgniter->runController(Object(App\Controllers\Admin))
#5 C:\Users\E-RM7\Documents\GitHub\Arus-Kas-Toko\system\CodeIgniter.php(326): CodeIgniter\CodeIgniter->handleRequest(NULL, Object(Config\Cache), false)
#6 C:\Users\E-RM7\Documents\GitHub\Arus-Kas-Toko\public\index.php(37): CodeIgniter\CodeIgniter->run()
#7 C:\Users\E-RM7\Documents\GitHub\Arus-Kas-Toko\system\Commands\Server\rewrite.php(43): require_once('C:\\Users\\E-RM7\\...')
#8 {main}
