CRITICAL - 2024-11-21 19:29:32 --> Attempt to read property "fullname" on null
#0 C:\Users\E-RM7\Documents\GitHub\Arus-Kas-Toko\app\Views\Admin\Templates\Topbar.php(21): CodeIgniter\Debug\Exceptions->errorHandler(2, 'Attempt to read...', 'C:\\Users\\E-RM7\\...', 21)
#1 C:\Users\E-RM7\Documents\GitHub\Arus-Kas-Toko\system\View\View.php(210): include('C:\\Users\\E-RM7\\...')
#2 C:\Users\E-RM7\Documents\GitHub\Arus-Kas-Toko\system\View\View.php(213): CodeIgniter\View\View->CodeIgniter\View\{closure}()
#3 C:\Users\E-RM7\Documents\GitHub\Arus-Kas-Toko\system\View\View.php(424): CodeIgniter\View\View->render('Admin/Templates...', NULL, true)
#4 C:\Users\E-RM7\Documents\GitHub\Arus-Kas-Toko\app\Views\Admin\Templates\Index.php(56): CodeIgniter\View\View->include('Admin/Templates...')
#5 C:\Users\E-RM7\Documents\GitHub\Arus-Kas-Toko\system\View\View.php(210): include('C:\\Users\\E-RM7\\...')
#6 C:\Users\E-RM7\Documents\GitHub\Arus-Kas-Toko\system\View\View.php(213): CodeIgniter\View\View->CodeIgniter\View\{closure}()
#7 C:\Users\E-RM7\Documents\GitHub\Arus-Kas-Toko\system\View\View.php(226): CodeIgniter\View\View->render('Admin/Templates...', Array, true)
#8 C:\Users\E-RM7\Documents\GitHub\Arus-Kas-Toko\system\Common.php(1089): CodeIgniter\View\View->render('Admin/Pelanggan...', Array, true)
#9 C:\Users\E-RM7\Documents\GitHub\Arus-Kas-Toko\app\Controllers\Admin.php(422): view('Admin/Pelanggan...', Array)
#10 C:\Users\E-RM7\Documents\GitHub\Arus-Kas-Toko\system\CodeIgniter.php(832): App\Controllers\Admin->pelanggan()
#11 C:\Users\E-RM7\Documents\GitHub\Arus-Kas-Toko\system\CodeIgniter.php(419): CodeIgniter\CodeIgniter->runController(Object(App\Controllers\Admin))
#12 C:\Users\E-RM7\Documents\GitHub\Arus-Kas-Toko\system\CodeIgniter.php(326): CodeIgniter\CodeIgniter->handleRequest(NULL, Object(Config\Cache), false)
#13 C:\Users\E-RM7\Documents\GitHub\Arus-Kas-Toko\public\index.php(37): CodeIgniter\CodeIgniter->run()
#14 C:\Users\E-RM7\Documents\GitHub\Arus-Kas-Toko\system\Commands\Server\rewrite.php(43): require_once('C:\\Users\\E-RM7\\...')
#15 {main}
CRITICAL - 2024-11-21 20:28:46 --> Undefined variable $title
#0 C:\Users\E-RM7\Documents\GitHub\Arus-Kas-Toko\app\Views\Admin\Templates\Index.php(12): CodeIgniter\Debug\Exceptions->errorHandler(2, 'Undefined varia...', 'C:\\Users\\E-RM7\\...', 12)
#1 C:\Users\E-RM7\Documents\GitHub\Arus-Kas-Toko\system\View\View.php(210): include('C:\\Users\\E-RM7\\...')
#2 C:\Users\E-RM7\Documents\GitHub\Arus-Kas-Toko\system\View\View.php(213): CodeIgniter\View\View->CodeIgniter\View\{closure}()
#3 C:\Users\E-RM7\Documents\GitHub\Arus-Kas-Toko\system\View\View.php(226): CodeIgniter\View\View->render('Admin/Templates...', Array, true)
#4 C:\Users\E-RM7\Documents\GitHub\Arus-Kas-Toko\system\Common.php(1089): CodeIgniter\View\View->render('Admin/Tagihan/I...', Array, true)
#5 C:\Users\E-RM7\Documents\GitHub\Arus-Kas-Toko\app\Controllers\Admin.php(4647): view('Admin/Tagihan/I...', Array)
#6 C:\Users\E-RM7\Documents\GitHub\Arus-Kas-Toko\system\CodeIgniter.php(832): App\Controllers\Admin->tagihan()
#7 C:\Users\E-RM7\Documents\GitHub\Arus-Kas-Toko\system\CodeIgniter.php(419): CodeIgniter\CodeIgniter->runController(Object(App\Controllers\Admin))
#8 C:\Users\E-RM7\Documents\GitHub\Arus-Kas-Toko\system\CodeIgniter.php(326): CodeIgniter\CodeIgniter->handleRequest(NULL, Object(Config\Cache), false)
#9 C:\Users\E-RM7\Documents\GitHub\Arus-Kas-Toko\public\index.php(37): CodeIgniter\CodeIgniter->run()
#10 C:\Users\E-RM7\Documents\GitHub\Arus-Kas-Toko\system\Commands\Server\rewrite.php(43): require_once('C:\\Users\\E-RM7\\...')
#11 {main}
