ERROR - 2024-09-15 12:29:30 --> Duplicate entry '0' for key 'PRIMARY'
CRITICAL - 2024-09-15 12:29:30 --> Duplicate entry '0' for key 'PRIMARY'
#0 C:\Users\ganda\Documents\GitHub\Hera After sidang\system\Database\MySQLi\Connection.php(292): mysqli->query('INSERT INTO `au...', 0)
#1 C:\Users\ganda\Documents\GitHub\Hera After sidang\system\Database\BaseConnection.php(670): CodeIgniter\Database\MySQLi\Connection->execute('INSERT INTO `au...')
#2 C:\Users\ganda\Documents\GitHub\Hera After sidang\system\Database\BaseConnection.php(598): CodeIgniter\Database\BaseConnection->simpleQuery('INSERT INTO `au...')
#3 C:\Users\ganda\Documents\GitHub\Hera After sidang\system\Database\BaseBuilder.php(1771): CodeIgniter\Database\BaseConnection->query('INSERT INTO `au...', Array, false)
#4 C:\Users\ganda\Documents\GitHub\Hera After sidang\system\Model.php(239): CodeIgniter\Database\BaseBuilder->insert()
#5 C:\Users\ganda\Documents\GitHub\Hera After sidang\system\BaseModel.php(738): CodeIgniter\Model->doInsert(Array)
#6 C:\Users\ganda\Documents\GitHub\Hera After sidang\system\Model.php(625): CodeIgniter\BaseModel->insert(Array, true)
#7 C:\Users\ganda\Documents\GitHub\Hera After sidang\vendor\myth\auth\src\Authentication\AuthenticationBase.php(198): CodeIgniter\Model->insert(Array)
#8 C:\Users\ganda\Documents\GitHub\Hera After sidang\vendor\myth\auth\src\Authentication\AuthenticationBase.php(88): Myth\Auth\Authentication\AuthenticationBase->recordLoginAttempt('admin@gmail.com', '::1', 1, true)
#9 C:\Users\ganda\Documents\GitHub\Hera After sidang\vendor\myth\auth\src\Authentication\LocalAuthenticator.php(59): Myth\Auth\Authentication\AuthenticationBase->login(Object(Myth\Auth\Entities\User), false)
#10 C:\Users\ganda\Documents\GitHub\Hera After sidang\vendor\myth\auth\src\Controllers\AuthController.php(87): Myth\Auth\Authentication\LocalAuthenticator->attempt(Array, false)
#11 C:\Users\ganda\Documents\GitHub\Hera After sidang\system\CodeIgniter.php(832): Myth\Auth\Controllers\AuthController->attemptLogin()
#12 C:\Users\ganda\Documents\GitHub\Hera After sidang\system\CodeIgniter.php(419): CodeIgniter\CodeIgniter->runController(Object(Myth\Auth\Controllers\AuthController))
#13 C:\Users\ganda\Documents\GitHub\Hera After sidang\system\CodeIgniter.php(326): CodeIgniter\CodeIgniter->handleRequest(NULL, Object(Config\Cache), false)
#14 C:\Users\ganda\Documents\GitHub\Hera After sidang\public\index.php(37): CodeIgniter\CodeIgniter->run()
#15 C:\Users\ganda\Documents\GitHub\Hera After sidang\system\Commands\Server\rewrite.php(43): require_once('C:\\Users\\ganda\\...')
#16 {main}
ERROR - 2024-09-15 12:29:42 --> Duplicate entry '0' for key 'PRIMARY'
CRITICAL - 2024-09-15 12:29:42 --> Duplicate entry '0' for key 'PRIMARY'
#0 C:\Users\ganda\Documents\GitHub\Hera After sidang\system\Database\MySQLi\Connection.php(292): mysqli->query('INSERT INTO `au...', 0)
#1 C:\Users\ganda\Documents\GitHub\Hera After sidang\system\Database\BaseConnection.php(670): CodeIgniter\Database\MySQLi\Connection->execute('INSERT INTO `au...')
#2 C:\Users\ganda\Documents\GitHub\Hera After sidang\system\Database\BaseConnection.php(598): CodeIgniter\Database\BaseConnection->simpleQuery('INSERT INTO `au...')
#3 C:\Users\ganda\Documents\GitHub\Hera After sidang\system\Database\BaseBuilder.php(1771): CodeIgniter\Database\BaseConnection->query('INSERT INTO `au...', Array, false)
#4 C:\Users\ganda\Documents\GitHub\Hera After sidang\system\Model.php(239): CodeIgniter\Database\BaseBuilder->insert()
#5 C:\Users\ganda\Documents\GitHub\Hera After sidang\system\BaseModel.php(738): CodeIgniter\Model->doInsert(Array)
#6 C:\Users\ganda\Documents\GitHub\Hera After sidang\system\Model.php(625): CodeIgniter\BaseModel->insert(Array, true)
#7 C:\Users\ganda\Documents\GitHub\Hera After sidang\vendor\myth\auth\src\Authentication\AuthenticationBase.php(198): CodeIgniter\Model->insert(Array)
#8 C:\Users\ganda\Documents\GitHub\Hera After sidang\vendor\myth\auth\src\Authentication\AuthenticationBase.php(88): Myth\Auth\Authentication\AuthenticationBase->recordLoginAttempt('admin@gmail.com', '::1', 1, true)
#9 C:\Users\ganda\Documents\GitHub\Hera After sidang\vendor\myth\auth\src\Authentication\LocalAuthenticator.php(59): Myth\Auth\Authentication\AuthenticationBase->login(Object(Myth\Auth\Entities\User), false)
#10 C:\Users\ganda\Documents\GitHub\Hera After sidang\vendor\myth\auth\src\Controllers\AuthController.php(87): Myth\Auth\Authentication\LocalAuthenticator->attempt(Array, false)
#11 C:\Users\ganda\Documents\GitHub\Hera After sidang\system\CodeIgniter.php(832): Myth\Auth\Controllers\AuthController->attemptLogin()
#12 C:\Users\ganda\Documents\GitHub\Hera After sidang\system\CodeIgniter.php(419): CodeIgniter\CodeIgniter->runController(Object(Myth\Auth\Controllers\AuthController))
#13 C:\Users\ganda\Documents\GitHub\Hera After sidang\system\CodeIgniter.php(326): CodeIgniter\CodeIgniter->handleRequest(NULL, Object(Config\Cache), false)
#14 C:\Users\ganda\Documents\GitHub\Hera After sidang\public\index.php(37): CodeIgniter\CodeIgniter->run()
#15 C:\Users\ganda\Documents\GitHub\Hera After sidang\system\Commands\Server\rewrite.php(43): require_once('C:\\Users\\ganda\\...')
#16 {main}
ERROR - 2024-09-15 12:30:00 --> Duplicate entry '0' for key 'PRIMARY'
CRITICAL - 2024-09-15 12:30:00 --> Duplicate entry '0' for key 'PRIMARY'
#0 C:\Users\ganda\Documents\GitHub\Hera After sidang\system\Database\MySQLi\Connection.php(292): mysqli->query('INSERT INTO `au...', 0)
#1 C:\Users\ganda\Documents\GitHub\Hera After sidang\system\Database\BaseConnection.php(670): CodeIgniter\Database\MySQLi\Connection->execute('INSERT INTO `au...')
#2 C:\Users\ganda\Documents\GitHub\Hera After sidang\system\Database\BaseConnection.php(598): CodeIgniter\Database\BaseConnection->simpleQuery('INSERT INTO `au...')
#3 C:\Users\ganda\Documents\GitHub\Hera After sidang\system\Database\BaseBuilder.php(1771): CodeIgniter\Database\BaseConnection->query('INSERT INTO `au...', Array, false)
#4 C:\Users\ganda\Documents\GitHub\Hera After sidang\system\Model.php(239): CodeIgniter\Database\BaseBuilder->insert()
#5 C:\Users\ganda\Documents\GitHub\Hera After sidang\system\BaseModel.php(738): CodeIgniter\Model->doInsert(Array)
#6 C:\Users\ganda\Documents\GitHub\Hera After sidang\system\Model.php(625): CodeIgniter\BaseModel->insert(Array, true)
#7 C:\Users\ganda\Documents\GitHub\Hera After sidang\vendor\myth\auth\src\Authentication\AuthenticationBase.php(198): CodeIgniter\Model->insert(Array)
#8 C:\Users\ganda\Documents\GitHub\Hera After sidang\vendor\myth\auth\src\Authentication\AuthenticationBase.php(88): Myth\Auth\Authentication\AuthenticationBase->recordLoginAttempt('admin@gmail.com', '::1', 1, true)
#9 C:\Users\ganda\Documents\GitHub\Hera After sidang\vendor\myth\auth\src\Authentication\LocalAuthenticator.php(59): Myth\Auth\Authentication\AuthenticationBase->login(Object(Myth\Auth\Entities\User), false)
#10 C:\Users\ganda\Documents\GitHub\Hera After sidang\vendor\myth\auth\src\Controllers\AuthController.php(87): Myth\Auth\Authentication\LocalAuthenticator->attempt(Array, false)
#11 C:\Users\ganda\Documents\GitHub\Hera After sidang\system\CodeIgniter.php(832): Myth\Auth\Controllers\AuthController->attemptLogin()
#12 C:\Users\ganda\Documents\GitHub\Hera After sidang\system\CodeIgniter.php(419): CodeIgniter\CodeIgniter->runController(Object(Myth\Auth\Controllers\AuthController))
#13 C:\Users\ganda\Documents\GitHub\Hera After sidang\system\CodeIgniter.php(326): CodeIgniter\CodeIgniter->handleRequest(NULL, Object(Config\Cache), false)
#14 C:\Users\ganda\Documents\GitHub\Hera After sidang\public\index.php(37): CodeIgniter\CodeIgniter->run()
#15 C:\Users\ganda\Documents\GitHub\Hera After sidang\system\Commands\Server\rewrite.php(43): require_once('C:\\Users\\ganda\\...')
#16 {main}
ERROR - 2024-09-15 12:30:21 --> Duplicate entry '0' for key 'PRIMARY'
CRITICAL - 2024-09-15 12:30:21 --> Duplicate entry '0' for key 'PRIMARY'
#0 C:\Users\ganda\Documents\GitHub\Hera After sidang\system\Database\MySQLi\Connection.php(292): mysqli->query('INSERT INTO `au...', 0)
#1 C:\Users\ganda\Documents\GitHub\Hera After sidang\system\Database\BaseConnection.php(670): CodeIgniter\Database\MySQLi\Connection->execute('INSERT INTO `au...')
#2 C:\Users\ganda\Documents\GitHub\Hera After sidang\system\Database\BaseConnection.php(598): CodeIgniter\Database\BaseConnection->simpleQuery('INSERT INTO `au...')
#3 C:\Users\ganda\Documents\GitHub\Hera After sidang\system\Database\BaseBuilder.php(1771): CodeIgniter\Database\BaseConnection->query('INSERT INTO `au...', Array, false)
#4 C:\Users\ganda\Documents\GitHub\Hera After sidang\system\Model.php(239): CodeIgniter\Database\BaseBuilder->insert()
#5 C:\Users\ganda\Documents\GitHub\Hera After sidang\system\BaseModel.php(738): CodeIgniter\Model->doInsert(Array)
#6 C:\Users\ganda\Documents\GitHub\Hera After sidang\system\Model.php(625): CodeIgniter\BaseModel->insert(Array, true)
#7 C:\Users\ganda\Documents\GitHub\Hera After sidang\vendor\myth\auth\src\Authentication\AuthenticationBase.php(198): CodeIgniter\Model->insert(Array)
#8 C:\Users\ganda\Documents\GitHub\Hera After sidang\vendor\myth\auth\src\Authentication\AuthenticationBase.php(88): Myth\Auth\Authentication\AuthenticationBase->recordLoginAttempt('admin@gmail.com', '::1', 1, true)
#9 C:\Users\ganda\Documents\GitHub\Hera After sidang\vendor\myth\auth\src\Authentication\LocalAuthenticator.php(59): Myth\Auth\Authentication\AuthenticationBase->login(Object(Myth\Auth\Entities\User), false)
#10 C:\Users\ganda\Documents\GitHub\Hera After sidang\vendor\myth\auth\src\Controllers\AuthController.php(87): Myth\Auth\Authentication\LocalAuthenticator->attempt(Array, false)
#11 C:\Users\ganda\Documents\GitHub\Hera After sidang\system\CodeIgniter.php(832): Myth\Auth\Controllers\AuthController->attemptLogin()
#12 C:\Users\ganda\Documents\GitHub\Hera After sidang\system\CodeIgniter.php(419): CodeIgniter\CodeIgniter->runController(Object(Myth\Auth\Controllers\AuthController))
#13 C:\Users\ganda\Documents\GitHub\Hera After sidang\system\CodeIgniter.php(326): CodeIgniter\CodeIgniter->handleRequest(NULL, Object(Config\Cache), false)
#14 C:\Users\ganda\Documents\GitHub\Hera After sidang\public\index.php(37): CodeIgniter\CodeIgniter->run()
#15 C:\Users\ganda\Documents\GitHub\Hera After sidang\system\Commands\Server\rewrite.php(43): require_once('C:\\Users\\ganda\\...')
#16 {main}
CRITICAL - 2024-09-15 12:32:01 --> Class 'App\Models\Pengaduan' not found
#0 C:\Users\ganda\Documents\GitHub\Hera After sidang\system\CodeIgniter.php(809): App\Controllers\User->__construct()
#1 C:\Users\ganda\Documents\GitHub\Hera After sidang\system\CodeIgniter.php(410): CodeIgniter\CodeIgniter->createController()
#2 C:\Users\ganda\Documents\GitHub\Hera After sidang\system\CodeIgniter.php(326): CodeIgniter\CodeIgniter->handleRequest(NULL, Object(Config\Cache), false)
#3 C:\Users\ganda\Documents\GitHub\Hera After sidang\public\index.php(37): CodeIgniter\CodeIgniter->run()
#4 C:\Users\ganda\Documents\GitHub\Hera After sidang\system\Commands\Server\rewrite.php(43): require_once('C:\\Users\\ganda\\...')
#5 {main}
CRITICAL - 2024-09-15 12:33:35 --> Class 'App\Models\PengadaanModel' not found
#0 C:\Users\ganda\Documents\GitHub\Hera After sidang\system\CodeIgniter.php(809): App\Controllers\Administrator->__construct()
#1 C:\Users\ganda\Documents\GitHub\Hera After sidang\system\CodeIgniter.php(410): CodeIgniter\CodeIgniter->createController()
#2 C:\Users\ganda\Documents\GitHub\Hera After sidang\system\CodeIgniter.php(326): CodeIgniter\CodeIgniter->handleRequest(NULL, Object(Config\Cache), false)
#3 C:\Users\ganda\Documents\GitHub\Hera After sidang\public\index.php(37): CodeIgniter\CodeIgniter->run()
#4 C:\Users\ganda\Documents\GitHub\Hera After sidang\system\Commands\Server\rewrite.php(43): require_once('C:\\Users\\ganda\\...')
#5 {main}
